2018-05-14 11:18:45,507 INFO 1244 [egg-logview] mount log E:\app\logs at http://127.0.0.1:7001/__logs
2018-05-14 11:18:55,953 INFO 1244 [-/::1/-/35ms GET /] [access] ::1: - GET / HTTP/200 2739 - 23 - Mozilla/5.0 (Windows NT 10.0; Win64; x64) AppleWebKit/537.36 (KHTML, like Gecko) Chrome/58.0.3029.110 Safari/537.36 Edge/16.16299
2018-05-14 11:19:04,803 INFO 1244 [-/::1/-/1ms GET /] [access] ::1: - GET / HTTP/200 2739 - 1 - Mozilla/5.0 (Windows NT 10.0; Win64; x64) AppleWebKit/537.36 (KHTML, like Gecko) Chrome/66.0.3359.139 Safari/537.36
2018-05-14 11:19:07,478 INFO 1244 [-/::1/-/19ms POST /login] [access] ::1: - POST /login HTTP/200 13 http://localhost:7001/ 0 - Mozilla/5.0 (Windows NT 10.0; Win64; x64) AppleWebKit/537.36 (KHTML, like Gecko) Chrome/66.0.3359.139 Safari/537.36
2018-05-14 11:19:12,005 INFO 1244 [-/::1/-/1ms POST /login] [access] ::1: - POST /login HTTP/200 28 http://localhost:7001/ 0 - Mozilla/5.0 (Windows NT 10.0; Win64; x64) AppleWebKit/537.36 (KHTML, like Gecko) Chrome/66.0.3359.139 Safari/537.36
2018-05-14 11:19:12,029 INFO 1244 [-/::1/-/2ms GET /app] [access] ::1: - GET /app HTTP/200 683 http://localhost:7001/ 1 - Mozilla/5.0 (Windows NT 10.0; Win64; x64) AppleWebKit/537.36 (KHTML, like Gecko) Chrome/66.0.3359.139 Safari/537.36
2018-05-14 11:19:12,193 INFO 1244 [-/::1/-/1ms GET /dist/img/user2-160x160.jpg] [access] ::1: - GET /dist/img/user2-160x160.jpg HTTP/404 - http://localhost:7001/app 0 - Mozilla/5.0 (Windows NT 10.0; Win64; x64) AppleWebKit/537.36 (KHTML, like Gecko) Chrome/66.0.3359.139 Safari/537.36
2018-05-14 11:19:12,199 INFO 1244 [-/::1/-/0ms GET /dist/img/AdminLTELogo.png] [access] ::1: - GET /dist/img/AdminLTELogo.png HTTP/404 - http://localhost:7001/app 0 - Mozilla/5.0 (Windows NT 10.0; Win64; x64) AppleWebKit/537.36 (KHTML, like Gecko) Chrome/66.0.3359.139 Safari/537.36
2018-05-14 11:19:16,022 INFO 1244 [-/::1/-/2ms GET /] [access] ::1: - GET / HTTP/200 2739 - 0 - Mozilla/5.0 (Windows NT 10.0; Win64; x64) AppleWebKit/537.36 (KHTML, like Gecko) Chrome/66.0.3359.139 Safari/537.36
2018-05-14 11:19:25,536 INFO 1244 [-/::1/-/3ms GET /app] [access] ::1: - GET /app HTTP/200 683 - 2 - Mozilla/5.0 (Windows NT 10.0; Win64; x64) AppleWebKit/537.36 (KHTML, like Gecko) Chrome/66.0.3359.139 Safari/537.36
2018-05-14 11:19:26,268 INFO 1244 [-/::1/-/0ms GET /dist/img/AdminLTELogo.png] [access] ::1: - GET /dist/img/AdminLTELogo.png HTTP/404 - http://localhost:7001/app 0 - Mozilla/5.0 (Windows NT 10.0; Win64; x64) AppleWebKit/537.36 (KHTML, like Gecko) Chrome/66.0.3359.139 Safari/537.36
2018-05-14 11:19:26,271 INFO 1244 [-/::1/-/1ms GET /dist/img/user2-160x160.jpg] [access] ::1: - GET /dist/img/user2-160x160.jpg HTTP/404 - http://localhost:7001/app 0 - Mozilla/5.0 (Windows NT 10.0; Win64; x64) AppleWebKit/537.36 (KHTML, like Gecko) Chrome/66.0.3359.139 Safari/537.36
2018-05-14 11:23:11,757 INFO 20628 [egg-logview] mount log E:\app\logs at http://127.0.0.1:7001/__logs
2018-05-14 11:23:21,195 INFO 20628 [-/::1/-/36ms GET /] [access] ::1: - GET / HTTP/200 2739 - 23 - Mozilla/5.0 (Windows NT 10.0; Win64; x64) AppleWebKit/537.36 (KHTML, like Gecko) Chrome/58.0.3029.110 Safari/537.36 Edge/16.16299
2018-05-14 13:45:56,619 INFO 20628 [-/::1/-/3ms GET /] [access] ::1: - GET / HTTP/200 2739 - 1 - Mozilla/5.0 (Windows NT 10.0; Win64; x64) AppleWebKit/537.36 (KHTML, like Gecko) Chrome/66.0.3359.139 Safari/537.36
2018-05-14 13:59:28,755 INFO 5964 [egg-logview] mount log E:\app\logs at http://127.0.0.1:7001/__logs
2018-05-14 13:59:30,017 INFO 18540 [egg-logview] mount log E:\app\logs at http://127.0.0.1:7001/__logs
2018-05-14 13:59:36,286 INFO 18540 [-/::1/-/23ms GET /] [access] ::1: - GET / HTTP/200 2739 - 15 - Mozilla/5.0 (Windows NT 10.0; Win64; x64) AppleWebKit/537.36 (KHTML, like Gecko) Chrome/66.0.3359.139 Safari/537.36
2018-05-14 13:59:39,889 INFO 18540 [-/::1/-/13ms POST /login] [access] ::1: - POST /login HTTP/200 28 http://localhost:7001/ 1 - Mozilla/5.0 (Windows NT 10.0; Win64; x64) AppleWebKit/537.36 (KHTML, like Gecko) Chrome/66.0.3359.139 Safari/537.36
2018-05-14 13:59:39,897 INFO 18540 [-/::1/-/1ms GET /app] [access] ::1: - GET /app HTTP/200 683 http://localhost:7001/ 1 - Mozilla/5.0 (Windows NT 10.0; Win64; x64) AppleWebKit/537.36 (KHTML, like Gecko) Chrome/66.0.3359.139 Safari/537.36
2018-05-14 13:59:40,065 INFO 18540 [-/::1/-/1ms GET /dist/img/AdminLTELogo.png] [access] ::1: - GET /dist/img/AdminLTELogo.png HTTP/404 - http://localhost:7001/app 0 - Mozilla/5.0 (Windows NT 10.0; Win64; x64) AppleWebKit/537.36 (KHTML, like Gecko) Chrome/66.0.3359.139 Safari/537.36
2018-05-14 13:59:40,076 INFO 18540 [-/::1/-/1ms GET /dist/img/user2-160x160.jpg] [access] ::1: - GET /dist/img/user2-160x160.jpg HTTP/404 - http://localhost:7001/app 0 - Mozilla/5.0 (Windows NT 10.0; Win64; x64) AppleWebKit/537.36 (KHTML, like Gecko) Chrome/66.0.3359.139 Safari/537.36
2018-05-14 13:59:46,002 INFO 18540 [-/::1/-/1ms GET /] [access] ::1: - GET / HTTP/200 2739 - 1 - Mozilla/5.0 (Windows NT 10.0; Win64; x64) AppleWebKit/537.36 (KHTML, like Gecko) Chrome/66.0.3359.139 Safari/537.36
2018-05-14 13:59:58,886 INFO 18540 [-/::1/-/1ms POST /login] [access] ::1: - POST /login HTTP/200 13 http://localhost:7001/ 0 - Mozilla/5.0 (Windows NT 10.0; Win64; x64) AppleWebKit/537.36 (KHTML, like Gecko) Chrome/66.0.3359.139 Safari/537.36
2018-05-14 14:00:08,683 INFO 18540 [-/::1/-/0ms POST /login] [access] ::1: - POST /login HTTP/200 13 http://localhost:7001/ 0 - Mozilla/5.0 (Windows NT 10.0; Win64; x64) AppleWebKit/537.36 (KHTML, like Gecko) Chrome/66.0.3359.139 Safari/537.36
2018-05-14 14:09:37,026 INFO 21536 [egg-logview] mount log E:\app\logs at http://127.0.0.1:7001/__logs
2018-05-14 14:09:38,635 INFO 21688 [egg-logview] mount log E:\app\logs at http://127.0.0.1:7001/__logs
2018-05-14 15:04:27,334 INFO 13412 [egg-logview] mount log E:\app\logs at http://127.0.0.1:7001/__logs
2018-05-14 15:04:28,651 INFO 18192 [egg-logview] mount log E:\app\logs at http://127.0.0.1:7001/__logs
2018-05-14 15:05:19,766 INFO 18192 [-/::1/-/30ms POST /login] [access] ::1: - POST /login HTTP/200 28 http://localhost:7001/ 2 - Mozilla/5.0 (Windows NT 10.0; Win64; x64) AppleWebKit/537.36 (KHTML, like Gecko) Chrome/66.0.3359.139 Safari/537.36
2018-05-14 15:05:19,796 INFO 18192 [-/::1/-/20ms GET /app] [access] ::1: - GET /app HTTP/200 683 http://localhost:7001/ 19 - Mozilla/5.0 (Windows NT 10.0; Win64; x64) AppleWebKit/537.36 (KHTML, like Gecko) Chrome/66.0.3359.139 Safari/537.36
2018-05-14 15:05:20,028 INFO 18192 [-/::1/-/1ms GET /dist/img/AdminLTELogo.png] [access] ::1: - GET /dist/img/AdminLTELogo.png HTTP/404 - http://localhost:7001/app 0 - Mozilla/5.0 (Windows NT 10.0; Win64; x64) AppleWebKit/537.36 (KHTML, like Gecko) Chrome/66.0.3359.139 Safari/537.36
2018-05-14 15:05:20,032 INFO 18192 [-/::1/-/1ms GET /dist/img/user2-160x160.jpg] [access] ::1: - GET /dist/img/user2-160x160.jpg HTTP/404 - http://localhost:7001/app 0 - Mozilla/5.0 (Windows NT 10.0; Win64; x64) AppleWebKit/537.36 (KHTML, like Gecko) Chrome/66.0.3359.139 Safari/537.36
2018-05-14 15:14:45,931 INFO 24264 [egg-logview] mount log E:\app\logs at http://127.0.0.1:7001/__logs
2018-05-14 15:14:58,940 INFO 24264 [-/::1/-/28ms GET /] [access] ::1: - GET / HTTP/200 2739 - 18 - Mozilla/5.0 (Windows NT 10.0; Win64; x64) AppleWebKit/537.36 (KHTML, like Gecko) Chrome/58.0.3029.110 Safari/537.36 Edge/16.16299
2018-05-14 15:15:03,184 INFO 24264 [-/::1/-/14ms POST /login] [access] ::1: - POST /login HTTP/200 28 http://localhost:7001/ 1 - Mozilla/5.0 (Windows NT 10.0; Win64; x64) AppleWebKit/537.36 (KHTML, like Gecko) Chrome/58.0.3029.110 Safari/537.36 Edge/16.16299
2018-05-14 15:15:03,194 INFO 24264 [-/::1/-/1ms GET /app] [access] ::1: - GET /app HTTP/200 683 http://localhost:7001/ 1 - Mozilla/5.0 (Windows NT 10.0; Win64; x64) AppleWebKit/537.36 (KHTML, like Gecko) Chrome/58.0.3029.110 Safari/537.36 Edge/16.16299
2018-05-14 15:15:03,379 INFO 24264 [-/::1/-/0ms GET /dist/img/AdminLTELogo.png] [access] ::1: - GET /dist/img/AdminLTELogo.png HTTP/404 - http://localhost:7001/app 0 - Mozilla/5.0 (Windows NT 10.0; Win64; x64) AppleWebKit/537.36 (KHTML, like Gecko) Chrome/58.0.3029.110 Safari/537.36 Edge/16.16299
2018-05-14 15:15:03,383 INFO 24264 [-/::1/-/0ms GET /dist/img/user2-160x160.jpg] [access] ::1: - GET /dist/img/user2-160x160.jpg HTTP/404 - http://localhost:7001/app 0 - Mozilla/5.0 (Windows NT 10.0; Win64; x64) AppleWebKit/537.36 (KHTML, like Gecko) Chrome/58.0.3029.110 Safari/537.36 Edge/16.16299
2018-05-14 15:18:31,135 INFO 16092 [egg-logview] mount log E:\app\logs at http://127.0.0.1:7001/__logs
2018-05-14 15:18:40,369 INFO 16092 [-/::1/-/32ms GET /] [access] ::1: - GET / HTTP/200 2739 - 21 - Mozilla/5.0 (Windows NT 10.0; Win64; x64) AppleWebKit/537.36 (KHTML, like Gecko) Chrome/58.0.3029.110 Safari/537.36 Edge/16.16299
2018-05-14 15:18:46,412 INFO 16092 [-/::1/-/40ms POST /login] [access] ::1: - POST /login HTTP/200 13 http://localhost:7001/ 2 - Mozilla/5.0 (Windows NT 10.0; Win64; x64) AppleWebKit/537.36 (KHTML, like Gecko) Chrome/58.0.3029.110 Safari/537.36 Edge/16.16299
2018-05-14 15:18:49,981 INFO 16092 [-/::1/-/1ms POST /login] [access] ::1: - POST /login HTTP/200 28 http://localhost:7001/ 1 - Mozilla/5.0 (Windows NT 10.0; Win64; x64) AppleWebKit/537.36 (KHTML, like Gecko) Chrome/58.0.3029.110 Safari/537.36 Edge/16.16299
2018-05-14 15:18:49,989 INFO 16092 [-/::1/-/2ms GET /app] [access] ::1: - GET /app HTTP/200 683 http://localhost:7001/ 1 - Mozilla/5.0 (Windows NT 10.0; Win64; x64) AppleWebKit/537.36 (KHTML, like Gecko) Chrome/58.0.3029.110 Safari/537.36 Edge/16.16299
2018-05-14 15:18:50,184 INFO 16092 [-/::1/-/0ms GET /dist/img/AdminLTELogo.png] [access] ::1: - GET /dist/img/AdminLTELogo.png HTTP/404 - http://localhost:7001/app 0 - Mozilla/5.0 (Windows NT 10.0; Win64; x64) AppleWebKit/537.36 (KHTML, like Gecko) Chrome/58.0.3029.110 Safari/537.36 Edge/16.16299
2018-05-14 15:18:50,189 INFO 16092 [-/::1/-/0ms GET /dist/img/user2-160x160.jpg] [access] ::1: - GET /dist/img/user2-160x160.jpg HTTP/404 - http://localhost:7001/app 0 - Mozilla/5.0 (Windows NT 10.0; Win64; x64) AppleWebKit/537.36 (KHTML, like Gecko) Chrome/58.0.3029.110 Safari/537.36 Edge/16.16299
2018-05-14 15:20:59,665 INFO 21784 [egg-logview] mount log E:\app\logs at http://127.0.0.1:7001/__logs
2018-05-14 15:21:08,750 INFO 21784 [-/::1/-/41ms GET /] [access] ::1: - GET / HTTP/200 2739 - 27 - Mozilla/5.0 (Windows NT 10.0; Win64; x64) AppleWebKit/537.36 (KHTML, like Gecko) Chrome/58.0.3029.110 Safari/537.36 Edge/16.16299
2018-05-14 15:21:42,444 INFO 21784 [-/::1/-/5ms GET /app] [access] ::1: - GET /app HTTP/200 683 - 3 - Mozilla/5.0 (Windows NT 10.0; Win64; x64) AppleWebKit/537.36 (KHTML, like Gecko) Chrome/66.0.3359.139 Safari/537.36
2018-05-14 15:21:42,653 INFO 21784 [-/::1/-/0ms GET /dist/img/AdminLTELogo.png] [access] ::1: - GET /dist/img/AdminLTELogo.png HTTP/404 - http://localhost:7001/app 0 - Mozilla/5.0 (Windows NT 10.0; Win64; x64) AppleWebKit/537.36 (KHTML, like Gecko) Chrome/66.0.3359.139 Safari/537.36
2018-05-14 15:21:42,658 INFO 21784 [-/::1/-/1ms GET /dist/img/user2-160x160.jpg] [access] ::1: - GET /dist/img/user2-160x160.jpg HTTP/404 - http://localhost:7001/app 0 - Mozilla/5.0 (Windows NT 10.0; Win64; x64) AppleWebKit/537.36 (KHTML, like Gecko) Chrome/66.0.3359.139 Safari/537.36
2018-05-14 15:21:55,447 INFO 21784 [-/::1/-/6ms GET /app] [access] ::1: - GET /app HTTP/200 683 - 2 - Mozilla/5.0 (Windows NT 10.0; Win64; x64) AppleWebKit/537.36 (KHTML, like Gecko) Chrome/66.0.3359.139 Safari/537.36
2018-05-14 15:21:55,661 INFO 21784 [-/::1/-/0ms GET /dist/img/AdminLTELogo.png] [access] ::1: - GET /dist/img/AdminLTELogo.png HTTP/404 - http://localhost:7001/app 0 - Mozilla/5.0 (Windows NT 10.0; Win64; x64) AppleWebKit/537.36 (KHTML, like Gecko) Chrome/66.0.3359.139 Safari/537.36
2018-05-14 15:21:55,663 INFO 21784 [-/::1/-/0ms GET /dist/img/user2-160x160.jpg] [access] ::1: - GET /dist/img/user2-160x160.jpg HTTP/404 - http://localhost:7001/app 0 - Mozilla/5.0 (Windows NT 10.0; Win64; x64) AppleWebKit/537.36 (KHTML, like Gecko) Chrome/66.0.3359.139 Safari/537.36
2018-05-14 15:21:58,316 INFO 21784 [-/::1/-/1ms GET /app] [access] ::1: - GET /app HTTP/200 683 - 1 - Mozilla/5.0 (Windows NT 10.0; Win64; x64) AppleWebKit/537.36 (KHTML, like Gecko) Chrome/66.0.3359.139 Safari/537.36
2018-05-14 15:21:58,531 INFO 21784 [-/::1/-/0ms GET /dist/img/AdminLTELogo.png] [access] ::1: - GET /dist/img/AdminLTELogo.png HTTP/404 - http://localhost:7001/app 0 - Mozilla/5.0 (Windows NT 10.0; Win64; x64) AppleWebKit/537.36 (KHTML, like Gecko) Chrome/66.0.3359.139 Safari/537.36
2018-05-14 15:21:58,536 INFO 21784 [-/::1/-/1ms GET /dist/img/user2-160x160.jpg] [access] ::1: - GET /dist/img/user2-160x160.jpg HTTP/404 - http://localhost:7001/app 1 - Mozilla/5.0 (Windows NT 10.0; Win64; x64) AppleWebKit/537.36 (KHTML, like Gecko) Chrome/66.0.3359.139 Safari/537.36
2018-05-14 15:21:59,003 INFO 21784 [-/::1/-/2ms GET /app] [access] ::1: - GET /app HTTP/200 683 - 1 - Mozilla/5.0 (Windows NT 10.0; Win64; x64) AppleWebKit/537.36 (KHTML, like Gecko) Chrome/66.0.3359.139 Safari/537.36
2018-05-14 15:21:59,205 INFO 21784 [-/::1/-/1ms GET /dist/img/AdminLTELogo.png] [access] ::1: - GET /dist/img/AdminLTELogo.png HTTP/404 - http://localhost:7001/app 0 - Mozilla/5.0 (Windows NT 10.0; Win64; x64) AppleWebKit/537.36 (KHTML, like Gecko) Chrome/66.0.3359.139 Safari/537.36
2018-05-14 15:21:59,206 INFO 21784 [-/::1/-/0ms GET /dist/img/user2-160x160.jpg] [access] ::1: - GET /dist/img/user2-160x160.jpg HTTP/404 - http://localhost:7001/app 0 - Mozilla/5.0 (Windows NT 10.0; Win64; x64) AppleWebKit/537.36 (KHTML, like Gecko) Chrome/66.0.3359.139 Safari/537.36
2018-05-14 15:22:03,233 INFO 21784 [-/::1/-/1ms GET /app] [access] ::1: - GET /app HTTP/200 683 - 1 - Mozilla/5.0 (Windows NT 10.0; Win64; x64) AppleWebKit/537.36 (KHTML, like Gecko) Chrome/66.0.3359.139 Safari/537.36
2018-05-14 15:22:03,423 INFO 21784 [-/::1/-/0ms GET /dist/img/AdminLTELogo.png] [access] ::1: - GET /dist/img/AdminLTELogo.png HTTP/404 - http://localhost:7001/app 0 - Mozilla/5.0 (Windows NT 10.0; Win64; x64) AppleWebKit/537.36 (KHTML, like Gecko) Chrome/66.0.3359.139 Safari/537.36
2018-05-14 15:22:03,427 INFO 21784 [-/::1/-/2ms GET /dist/img/user2-160x160.jpg] [access] ::1: - GET /dist/img/user2-160x160.jpg HTTP/404 - http://localhost:7001/app 0 - Mozilla/5.0 (Windows NT 10.0; Win64; x64) AppleWebKit/537.36 (KHTML, like Gecko) Chrome/66.0.3359.139 Safari/537.36
2018-05-14 15:25:34,126 INFO 26784 [egg-logview] mount log E:\app\logs at http://127.0.0.1:7001/__logs
2018-05-14 15:25:43,357 INFO 26784 [-/::1/-/31ms GET /] [access] ::1: - GET / HTTP/200 2739 - 20 - Mozilla/5.0 (Windows NT 10.0; Win64; x64) AppleWebKit/537.36 (KHTML, like Gecko) Chrome/58.0.3029.110 Safari/537.36 Edge/16.16299
2018-05-14 15:34:41,003 INFO 26784 [-/::1/-/3ms GET /app] [access] ::1: - GET /app HTTP/200 683 - 1 - Mozilla/5.0 (Windows NT 10.0; Win64; x64) AppleWebKit/537.36 (KHTML, like Gecko) Chrome/66.0.3359.139 Safari/537.36
2018-05-14 15:34:41,207 INFO 26784 [-/::1/-/0ms GET /dist/img/AdminLTELogo.png] [access] ::1: - GET /dist/img/AdminLTELogo.png HTTP/404 - http://localhost:7001/app 0 - Mozilla/5.0 (Windows NT 10.0; Win64; x64) AppleWebKit/537.36 (KHTML, like Gecko) Chrome/66.0.3359.139 Safari/537.36
2018-05-14 15:34:41,212 INFO 26784 [-/::1/-/1ms GET /dist/img/user2-160x160.jpg] [access] ::1: - GET /dist/img/user2-160x160.jpg HTTP/404 - http://localhost:7001/app 0 - Mozilla/5.0 (Windows NT 10.0; Win64; x64) AppleWebKit/537.36 (KHTML, like Gecko) Chrome/66.0.3359.139 Safari/537.36
2018-05-14 15:34:41,886 INFO 26784 [-/::1/-/1ms GET /app] [access] ::1: - GET /app HTTP/200 683 - 0 - Mozilla/5.0 (Windows NT 10.0; Win64; x64) AppleWebKit/537.36 (KHTML, like Gecko) Chrome/66.0.3359.139 Safari/537.36
2018-05-14 15:34:42,097 INFO 26784 [-/::1/-/0ms GET /dist/img/AdminLTELogo.png] [access] ::1: - GET /dist/img/AdminLTELogo.png HTTP/404 - http://localhost:7001/app 0 - Mozilla/5.0 (Windows NT 10.0; Win64; x64) AppleWebKit/537.36 (KHTML, like Gecko) Chrome/66.0.3359.139 Safari/537.36
2018-05-14 15:34:42,099 INFO 26784 [-/::1/-/0ms GET /dist/img/user2-160x160.jpg] [access] ::1: - GET /dist/img/user2-160x160.jpg HTTP/404 - http://localhost:7001/app 0 - Mozilla/5.0 (Windows NT 10.0; Win64; x64) AppleWebKit/537.36 (KHTML, like Gecko) Chrome/66.0.3359.139 Safari/537.36
2018-05-14 15:34:42,559 INFO 26784 [-/::1/-/0ms GET /app] [access] ::1: - GET /app HTTP/200 683 - 0 - Mozilla/5.0 (Windows NT 10.0; Win64; x64) AppleWebKit/537.36 (KHTML, like Gecko) Chrome/66.0.3359.139 Safari/537.36
2018-05-14 15:34:42,752 INFO 26784 [-/::1/-/0ms GET /dist/img/AdminLTELogo.png] [access] ::1: - GET /dist/img/AdminLTELogo.png HTTP/404 - http://localhost:7001/app 0 - Mozilla/5.0 (Windows NT 10.0; Win64; x64) AppleWebKit/537.36 (KHTML, like Gecko) Chrome/66.0.3359.139 Safari/537.36
2018-05-14 15:34:42,755 INFO 26784 [-/::1/-/0ms GET /dist/img/user2-160x160.jpg] [access] ::1: - GET /dist/img/user2-160x160.jpg HTTP/404 - http://localhost:7001/app 0 - Mozilla/5.0 (Windows NT 10.0; Win64; x64) AppleWebKit/537.36 (KHTML, like Gecko) Chrome/66.0.3359.139 Safari/537.36
2018-05-14 15:34:43,293 INFO 26784 [-/::1/-/6ms GET /app] [access] ::1: - GET /app HTTP/200 683 - 3 - Mozilla/5.0 (Windows NT 10.0; Win64; x64) AppleWebKit/537.36 (KHTML, like Gecko) Chrome/66.0.3359.139 Safari/537.36
2018-05-14 15:34:43,496 INFO 26784 [-/::1/-/0ms GET /dist/img/AdminLTELogo.png] [access] ::1: - GET /dist/img/AdminLTELogo.png HTTP/404 - http://localhost:7001/app 0 - Mozilla/5.0 (Windows NT 10.0; Win64; x64) AppleWebKit/537.36 (KHTML, like Gecko) Chrome/66.0.3359.139 Safari/537.36
2018-05-14 15:34:43,498 INFO 26784 [-/::1/-/0ms GET /dist/img/user2-160x160.jpg] [access] ::1: - GET /dist/img/user2-160x160.jpg HTTP/404 - http://localhost:7001/app 0 - Mozilla/5.0 (Windows NT 10.0; Win64; x64) AppleWebKit/537.36 (KHTML, like Gecko) Chrome/66.0.3359.139 Safari/537.36
2018-05-14 15:34:43,827 INFO 26784 [-/::1/-/4ms GET /app] [access] ::1: - GET /app HTTP/200 683 - 2 - Mozilla/5.0 (Windows NT 10.0; Win64; x64) AppleWebKit/537.36 (KHTML, like Gecko) Chrome/66.0.3359.139 Safari/537.36
2018-05-14 15:34:44,055 INFO 26784 [-/::1/-/0ms GET /dist/img/AdminLTELogo.png] [access] ::1: - GET /dist/img/AdminLTELogo.png HTTP/404 - http://localhost:7001/app 0 - Mozilla/5.0 (Windows NT 10.0; Win64; x64) AppleWebKit/537.36 (KHTML, like Gecko) Chrome/66.0.3359.139 Safari/537.36
2018-05-14 15:34:44,057 INFO 26784 [-/::1/-/0ms GET /dist/img/user2-160x160.jpg] [access] ::1: - GET /dist/img/user2-160x160.jpg HTTP/404 - http://localhost:7001/app 0 - Mozilla/5.0 (Windows NT 10.0; Win64; x64) AppleWebKit/537.36 (KHTML, like Gecko) Chrome/66.0.3359.139 Safari/537.36
2018-05-14 15:34:44,716 INFO 26784 [-/::1/-/10ms GET /app] [access] ::1: - GET /app HTTP/200 683 - 2 - Mozilla/5.0 (Windows NT 10.0; Win64; x64) AppleWebKit/537.36 (KHTML, like Gecko) Chrome/66.0.3359.139 Safari/537.36
2018-05-14 15:34:44,916 INFO 26784 [-/::1/-/1ms GET /dist/img/AdminLTELogo.png] [access] ::1: - GET /dist/img/AdminLTELogo.png HTTP/404 - http://localhost:7001/app 0 - Mozilla/5.0 (Windows NT 10.0; Win64; x64) AppleWebKit/537.36 (KHTML, like Gecko) Chrome/66.0.3359.139 Safari/537.36
2018-05-14 15:34:44,918 INFO 26784 [-/::1/-/1ms GET /dist/img/user2-160x160.jpg] [access] ::1: - GET /dist/img/user2-160x160.jpg HTTP/404 - http://localhost:7001/app 0 - Mozilla/5.0 (Windows NT 10.0; Win64; x64) AppleWebKit/537.36 (KHTML, like Gecko) Chrome/66.0.3359.139 Safari/537.36
2018-05-14 15:34:59,269 INFO 14264 [egg-logview] mount log E:\app\logs at http://127.0.0.1:7001/__logs
2018-05-14 15:35:08,611 INFO 14264 [-/::1/-/32ms GET /] [access] ::1: - GET / HTTP/200 2739 - 19 - Mozilla/5.0 (Windows NT 10.0; Win64; x64) AppleWebKit/537.36 (KHTML, like Gecko) Chrome/58.0.3029.110 Safari/537.36 Edge/16.16299
2018-05-14 15:35:11,124 INFO 14264 [-/::1/-/3ms GET /app] [access] ::1: - GET /app HTTP/200 683 - 1 - Mozilla/5.0 (Windows NT 10.0; Win64; x64) AppleWebKit/537.36 (KHTML, like Gecko) Chrome/66.0.3359.139 Safari/537.36
2018-05-14 15:35:11,331 INFO 14264 [-/::1/-/1ms GET /dist/img/AdminLTELogo.png] [access] ::1: - GET /dist/img/AdminLTELogo.png HTTP/404 - http://localhost:7001/app 0 - Mozilla/5.0 (Windows NT 10.0; Win64; x64) AppleWebKit/537.36 (KHTML, like Gecko) Chrome/66.0.3359.139 Safari/537.36
2018-05-14 15:35:11,341 INFO 14264 [-/::1/-/1ms GET /dist/img/user2-160x160.jpg] [access] ::1: - GET /dist/img/user2-160x160.jpg HTTP/404 - http://localhost:7001/app 0 - Mozilla/5.0 (Windows NT 10.0; Win64; x64) AppleWebKit/537.36 (KHTML, like Gecko) Chrome/66.0.3359.139 Safari/537.36
2018-05-14 15:36:39,100 INFO 14264 [-/::1/-/1ms GET /app] [access] ::1: - GET /app HTTP/200 683 - 1 - Mozilla/5.0 (Windows NT 10.0; Win64; x64) AppleWebKit/537.36 (KHTML, like Gecko) Chrome/66.0.3359.139 Safari/537.36
2018-05-14 15:36:39,308 INFO 14264 [-/::1/-/0ms GET /dist/img/AdminLTELogo.png] [access] ::1: - GET /dist/img/AdminLTELogo.png HTTP/404 - http://localhost:7001/app 0 - Mozilla/5.0 (Windows NT 10.0; Win64; x64) AppleWebKit/537.36 (KHTML, like Gecko) Chrome/66.0.3359.139 Safari/537.36
2018-05-14 15:36:39,311 INFO 14264 [-/::1/-/1ms GET /dist/img/user2-160x160.jpg] [access] ::1: - GET /dist/img/user2-160x160.jpg HTTP/404 - http://localhost:7001/app 0 - Mozilla/5.0 (Windows NT 10.0; Win64; x64) AppleWebKit/537.36 (KHTML, like Gecko) Chrome/66.0.3359.139 Safari/537.36
2018-05-14 15:36:39,661 INFO 14264 [-/::1/-/1ms GET /app] [access] ::1: - GET /app HTTP/200 683 - 0 - Mozilla/5.0 (Windows NT 10.0; Win64; x64) AppleWebKit/537.36 (KHTML, like Gecko) Chrome/66.0.3359.139 Safari/537.36
2018-05-14 15:36:39,867 INFO 14264 [-/::1/-/1ms GET /dist/img/AdminLTELogo.png] [access] ::1: - GET /dist/img/AdminLTELogo.png HTTP/404 - http://localhost:7001/app 0 - Mozilla/5.0 (Windows NT 10.0; Win64; x64) AppleWebKit/537.36 (KHTML, like Gecko) Chrome/66.0.3359.139 Safari/537.36
2018-05-14 15:36:39,869 INFO 14264 [-/::1/-/0ms GET /dist/img/user2-160x160.jpg] [access] ::1: - GET /dist/img/user2-160x160.jpg HTTP/404 - http://localhost:7001/app 0 - Mozilla/5.0 (Windows NT 10.0; Win64; x64) AppleWebKit/537.36 (KHTML, like Gecko) Chrome/66.0.3359.139 Safari/537.36
2018-05-14 15:36:39,989 INFO 14264 [-/::1/-/1ms GET /app] [access] ::1: - GET /app HTTP/200 683 - 0 - Mozilla/5.0 (Windows NT 10.0; Win64; x64) AppleWebKit/537.36 (KHTML, like Gecko) Chrome/66.0.3359.139 Safari/537.36
2018-05-14 15:36:40,197 INFO 14264 [-/::1/-/2ms GET /dist/img/AdminLTELogo.png] [access] ::1: - GET /dist/img/AdminLTELogo.png HTTP/404 - http://localhost:7001/app 0 - Mozilla/5.0 (Windows NT 10.0; Win64; x64) AppleWebKit/537.36 (KHTML, like Gecko) Chrome/66.0.3359.139 Safari/537.36
2018-05-14 15:36:40,199 INFO 14264 [-/::1/-/0ms GET /dist/img/user2-160x160.jpg] [access] ::1: - GET /dist/img/user2-160x160.jpg HTTP/404 - http://localhost:7001/app 0 - Mozilla/5.0 (Windows NT 10.0; Win64; x64) AppleWebKit/537.36 (KHTML, like Gecko) Chrome/66.0.3359.139 Safari/537.36
2018-05-14 15:36:40,263 INFO 14264 [-/::1/-/2ms GET /app] [access] ::1: - GET /app HTTP/200 683 - 1 - Mozilla/5.0 (Windows NT 10.0; Win64; x64) AppleWebKit/537.36 (KHTML, like Gecko) Chrome/66.0.3359.139 Safari/537.36
2018-05-14 15:36:40,477 INFO 14264 [-/::1/-/1ms GET /dist/img/AdminLTELogo.png] [access] ::1: - GET /dist/img/AdminLTELogo.png HTTP/404 - http://localhost:7001/app 0 - Mozilla/5.0 (Windows NT 10.0; Win64; x64) AppleWebKit/537.36 (KHTML, like Gecko) Chrome/66.0.3359.139 Safari/537.36
2018-05-14 15:36:40,479 INFO 14264 [-/::1/-/0ms GET /dist/img/user2-160x160.jpg] [access] ::1: - GET /dist/img/user2-160x160.jpg HTTP/404 - http://localhost:7001/app 0 - Mozilla/5.0 (Windows NT 10.0; Win64; x64) AppleWebKit/537.36 (KHTML, like Gecko) Chrome/66.0.3359.139 Safari/537.36
2018-05-14 15:36:42,208 INFO 14264 [-/::1/-/2ms GET /] [access] ::1: - GET / HTTP/200 2739 - 1 - Mozilla/5.0 (Windows NT 10.0; Win64; x64) AppleWebKit/537.36 (KHTML, like Gecko) Chrome/66.0.3359.139 Safari/537.36
2018-05-14 15:40:32,212 INFO 27596 [egg-logview] mount log E:\app\logs at http://127.0.0.1:7001/__logs
2018-05-14 15:40:40,694 INFO 27596 [-/::1/-/35ms GET /] [access] ::1: - GET / HTTP/200 2739 - 23 - Mozilla/5.0 (Windows NT 10.0; Win64; x64) AppleWebKit/537.36 (KHTML, like Gecko) Chrome/58.0.3029.110 Safari/537.36 Edge/16.16299
2018-05-14 15:40:41,384 INFO 27596 [-/::1/-/3ms GET /] [access] ::1: - GET / HTTP/200 2739 http://localhost:7001/ 2 - Mozilla/5.0 (Windows NT 10.0; Win64; x64) AppleWebKit/537.36 (KHTML, like Gecko) Chrome/66.0.3359.139 Safari/537.36
2018-05-14 15:40:45,612 INFO 27596 [-/127.0.0.1/-/15ms POST /login] [access] 127.0.0.1: - POST /login HTTP/200 28 http://localhost:7001/ 1 - Mozilla/5.0 (Windows NT 10.0; Win64; x64) AppleWebKit/537.36 (KHTML, like Gecko) Chrome/66.0.3359.139 Safari/537.36
2018-05-14 15:40:45,619 INFO 27596 [-/127.0.0.1/-/1ms GET /app] [access] 127.0.0.1: - GET /app HTTP/200 683 http://localhost:7001/ 0 - Mozilla/5.0 (Windows NT 10.0; Win64; x64) AppleWebKit/537.36 (KHTML, like Gecko) Chrome/66.0.3359.139 Safari/537.36
2018-05-14 15:40:45,818 INFO 27596 [-/::1/-/0ms GET /dist/img/AdminLTELogo.png] [access] ::1: - GET /dist/img/AdminLTELogo.png HTTP/404 - http://localhost:7001/app 0 - Mozilla/5.0 (Windows NT 10.0; Win64; x64) AppleWebKit/537.36 (KHTML, like Gecko) Chrome/66.0.3359.139 Safari/537.36
2018-05-14 15:40:45,825 INFO 27596 [-/127.0.0.1/-/0ms GET /dist/img/user2-160x160.jpg] [access] 127.0.0.1: - GET /dist/img/user2-160x160.jpg HTTP/404 - http://localhost:7001/app 0 - Mozilla/5.0 (Windows NT 10.0; Win64; x64) AppleWebKit/537.36 (KHTML, like Gecko) Chrome/66.0.3359.139 Safari/537.36
2018-05-14 15:41:30,044 INFO 27596 [-/::1/-/3ms GET /app] [access] ::1: - GET /app HTTP/200 683 http://localhost:7001/ 2 - Mozilla/5.0 (Windows NT 10.0; Win64; x64) AppleWebKit/537.36 (KHTML, like Gecko) Chrome/66.0.3359.139 Safari/537.36
2018-05-14 15:41:30,274 INFO 27596 [-/::1/-/1ms GET /dist/img/AdminLTELogo.png] [access] ::1: - GET /dist/img/AdminLTELogo.png HTTP/404 - http://localhost:7001/app 0 - Mozilla/5.0 (Windows NT 10.0; Win64; x64) AppleWebKit/537.36 (KHTML, like Gecko) Chrome/66.0.3359.139 Safari/537.36
2018-05-14 15:41:30,277 INFO 27596 [-/::1/-/1ms GET /dist/img/user2-160x160.jpg] [access] ::1: - GET /dist/img/user2-160x160.jpg HTTP/404 - http://localhost:7001/app 0 - Mozilla/5.0 (Windows NT 10.0; Win64; x64) AppleWebKit/537.36 (KHTML, like Gecko) Chrome/66.0.3359.139 Safari/537.36
2018-05-14 15:43:11,233 INFO 27596 [-/::1/-/1ms GET /app] [access] ::1: - GET /app HTTP/200 683 http://localhost:7001/ 1 - Mozilla/5.0 (Windows NT 10.0; Win64; x64) AppleWebKit/537.36 (KHTML, like Gecko) Chrome/66.0.3359.139 Safari/537.36
2018-05-14 15:43:11,427 INFO 27596 [-/::1/-/1ms GET /dist/img/AdminLTELogo.png] [access] ::1: - GET /dist/img/AdminLTELogo.png HTTP/404 - http://localhost:7001/app 0 - Mozilla/5.0 (Windows NT 10.0; Win64; x64) AppleWebKit/537.36 (KHTML, like Gecko) Chrome/66.0.3359.139 Safari/537.36
2018-05-14 15:43:11,431 INFO 27596 [-/::1/-/3ms GET /dist/img/user2-160x160.jpg] [access] ::1: - GET /dist/img/user2-160x160.jpg HTTP/404 - http://localhost:7001/app 1 - Mozilla/5.0 (Windows NT 10.0; Win64; x64) AppleWebKit/537.36 (KHTML, like Gecko) Chrome/66.0.3359.139 Safari/537.36
2018-05-14 15:43:12,434 INFO 27596 [-/::1/-/0ms GET /app] [access] ::1: - GET /app HTTP/200 683 http://localhost:7001/ 0 - Mozilla/5.0 (Windows NT 10.0; Win64; x64) AppleWebKit/537.36 (KHTML, like Gecko) Chrome/66.0.3359.139 Safari/537.36
2018-05-14 15:43:12,625 INFO 27596 [-/::1/-/1ms GET /dist/img/AdminLTELogo.png] [access] ::1: - GET /dist/img/AdminLTELogo.png HTTP/404 - http://localhost:7001/app 0 - Mozilla/5.0 (Windows NT 10.0; Win64; x64) AppleWebKit/537.36 (KHTML, like Gecko) Chrome/66.0.3359.139 Safari/537.36
2018-05-14 15:43:12,628 INFO 27596 [-/::1/-/1ms GET /dist/img/user2-160x160.jpg] [access] ::1: - GET /dist/img/user2-160x160.jpg HTTP/404 - http://localhost:7001/app 0 - Mozilla/5.0 (Windows NT 10.0; Win64; x64) AppleWebKit/537.36 (KHTML, like Gecko) Chrome/66.0.3359.139 Safari/537.36
2018-05-14 15:47:26,548 INFO 27272 [egg-logview] mount log E:\app\logs at http://127.0.0.1:7001/__logs
2018-05-14 15:47:35,500 INFO 27272 [-/::1/-/28ms GET /] [access] ::1: - GET / HTTP/200 2739 - 22 - Mozilla/5.0 (Windows NT 10.0; Win64; x64) AppleWebKit/537.36 (KHTML, like Gecko) Chrome/58.0.3029.110 Safari/537.36 Edge/16.16299
2018-05-14 15:49:25,017 INFO 14824 [egg-logview] mount log E:\app\logs at http://127.0.0.1:7001/__logs
2018-05-14 15:49:32,633 INFO 14824 [-/::1/-/30ms GET /] [access] ::1: - GET / HTTP/200 2739 - 17 - Mozilla/5.0 (Windows NT 10.0; Win64; x64) AppleWebKit/537.36 (KHTML, like Gecko) Chrome/58.0.3029.110 Safari/537.36 Edge/16.16299
2018-05-14 15:51:06,098 INFO 6240 [egg-logview] mount log E:\app\logs at http://127.0.0.1:7001/__logs
2018-05-14 15:51:13,585 INFO 6240 [-/::1/-/31ms GET /] [access] ::1: - GET / HTTP/200 2739 - 19 - Mozilla/5.0 (Windows NT 10.0; Win64; x64) AppleWebKit/537.36 (KHTML, like Gecko) Chrome/58.0.3029.110 Safari/537.36 Edge/16.16299
2018-05-14 15:53:29,373 INFO 18856 [egg-logview] mount log E:\app\logs at http://127.0.0.1:7001/__logs
2018-05-14 15:53:36,846 INFO 18856 [-/::1/-/29ms GET /] [access] ::1: - GET / HTTP/200 2739 - 23 - Mozilla/5.0 (Windows NT 10.0; Win64; x64) AppleWebKit/537.36 (KHTML, like Gecko) Chrome/58.0.3029.110 Safari/537.36 Edge/16.16299
2018-05-14 15:53:43,955 INFO 18856 [-/::1/-/13ms POST /login] [access] ::1: - POST /login HTTP/200 28 http://localhost:7001/ 1 - Mozilla/5.0 (Windows NT 10.0; Win64; x64) AppleWebKit/537.36 (KHTML, like Gecko) Chrome/58.0.3029.110 Safari/537.36 Edge/16.16299
2018-05-14 15:53:43,964 INFO 18856 [-/::1/-/2ms GET /app] [access] ::1: - GET /app HTTP/200 683 http://localhost:7001/ 1 - Mozilla/5.0 (Windows NT 10.0; Win64; x64) AppleWebKit/537.36 (KHTML, like Gecko) Chrome/58.0.3029.110 Safari/537.36 Edge/16.16299
2018-05-14 15:53:44,148 INFO 18856 [-/::1/-/1ms GET /dist/img/AdminLTELogo.png] [access] ::1: - GET /dist/img/AdminLTELogo.png HTTP/404 - http://localhost:7001/app 1 - Mozilla/5.0 (Windows NT 10.0; Win64; x64) AppleWebKit/537.36 (KHTML, like Gecko) Chrome/58.0.3029.110 Safari/537.36 Edge/16.16299
2018-05-14 15:53:44,153 INFO 18856 [-/::1/-/0ms GET /dist/img/user2-160x160.jpg] [access] ::1: - GET /dist/img/user2-160x160.jpg HTTP/404 - http://localhost:7001/app 0 - Mozilla/5.0 (Windows NT 10.0; Win64; x64) AppleWebKit/537.36 (KHTML, like Gecko) Chrome/58.0.3029.110 Safari/537.36 Edge/16.16299
2018-05-14 15:54:01,939 INFO 28464 [egg-logview] mount log E:\app\logs at http://127.0.0.1:7001/__logs
2018-05-14 15:54:09,401 INFO 28464 [-/::1/-/37ms GET /] [access] ::1: - GET / HTTP/200 2739 - 24 - Mozilla/5.0 (Windows NT 10.0; Win64; x64) AppleWebKit/537.36 (KHTML, like Gecko) Chrome/58.0.3029.110 Safari/537.36 Edge/16.16299
2018-05-14 15:58:12,306 INFO 11360 [egg-logview] mount log E:\app\logs at http://127.0.0.1:7001/__logs
2018-05-14 15:59:38,527 INFO 21768 [egg-logview] mount log E:\app\logs at http://127.0.0.1:7001/__logs
2018-05-14 16:00:03,470 INFO 25508 [egg-logview] mount log E:\app\logs at http://127.0.0.1:7001/__logs
2018-05-14 16:00:11,019 INFO 25508 [-/::1/-/42ms GET /] [access] ::1: - GET / HTTP/200 678 - 29 - Mozilla/5.0 (Windows NT 10.0; Win64; x64) AppleWebKit/537.36 (KHTML, like Gecko) Chrome/58.0.3029.110 Safari/537.36 Edge/16.16299
2018-05-14 16:00:15,299 INFO 25508 [-/::1/-/13ms POST /login] [access] ::1: - POST /login HTTP/200 28 http://localhost:7001/ 0 - Mozilla/5.0 (Windows NT 10.0; Win64; x64) AppleWebKit/537.36 (KHTML, like Gecko) Chrome/58.0.3029.110 Safari/537.36 Edge/16.16299
2018-05-14 16:00:15,335 INFO 25508 [-/::1/-/7ms GET /app] [access] ::1: - GET /app HTTP/200 683 http://localhost:7001/ 4 - Mozilla/5.0 (Windows NT 10.0; Win64; x64) AppleWebKit/537.36 (KHTML, like Gecko) Chrome/58.0.3029.110 Safari/537.36 Edge/16.16299
2018-05-14 16:00:15,564 INFO 25508 [-/::1/-/1ms GET /dist/img/AdminLTELogo.png] [access] ::1: - GET /dist/img/AdminLTELogo.png HTTP/404 - http://localhost:7001/app 0 - Mozilla/5.0 (Windows NT 10.0; Win64; x64) AppleWebKit/537.36 (KHTML, like Gecko) Chrome/58.0.3029.110 Safari/537.36 Edge/16.16299
2018-05-14 16:00:15,569 INFO 25508 [-/::1/-/0ms GET /dist/img/user2-160x160.jpg] [access] ::1: - GET /dist/img/user2-160x160.jpg HTTP/404 - http://localhost:7001/app 0 - Mozilla/5.0 (Windows NT 10.0; Win64; x64) AppleWebKit/537.36 (KHTML, like Gecko) Chrome/58.0.3029.110 Safari/537.36 Edge/16.16299
2018-05-14 16:01:10,753 INFO 25508 [-/::1/-/1ms GET /app] [access] ::1: - GET /app HTTP/200 683 http://localhost:7001/ 1 - Mozilla/5.0 (Windows NT 10.0; Win64; x64) AppleWebKit/537.36 (KHTML, like Gecko) Chrome/66.0.3359.139 Safari/537.36
2018-05-14 16:01:10,964 INFO 25508 [-/::1/-/1ms GET /dist/img/AdminLTELogo.png] [access] ::1: - GET /dist/img/AdminLTELogo.png HTTP/404 - http://localhost:7001/app 0 - Mozilla/5.0 (Windows NT 10.0; Win64; x64) AppleWebKit/537.36 (KHTML, like Gecko) Chrome/66.0.3359.139 Safari/537.36
2018-05-14 16:01:10,966 INFO 25508 [-/::1/-/0ms GET /dist/img/user2-160x160.jpg] [access] ::1: - GET /dist/img/user2-160x160.jpg HTTP/404 - http://localhost:7001/app 0 - Mozilla/5.0 (Windows NT 10.0; Win64; x64) AppleWebKit/537.36 (KHTML, like Gecko) Chrome/66.0.3359.139 Safari/537.36
2018-05-14 16:01:11,413 INFO 25508 [-/::1/-/2ms GET /app] [access] ::1: - GET /app HTTP/200 683 http://localhost:7001/ 0 - Mozilla/5.0 (Windows NT 10.0; Win64; x64) AppleWebKit/537.36 (KHTML, like Gecko) Chrome/66.0.3359.139 Safari/537.36
2018-05-14 16:01:11,622 INFO 25508 [-/::1/-/0ms GET /dist/img/AdminLTELogo.png] [access] ::1: - GET /dist/img/AdminLTELogo.png HTTP/404 - http://localhost:7001/app 0 - Mozilla/5.0 (Windows NT 10.0; Win64; x64) AppleWebKit/537.36 (KHTML, like Gecko) Chrome/66.0.3359.139 Safari/537.36
2018-05-14 16:01:11,624 INFO 25508 [-/::1/-/0ms GET /dist/img/user2-160x160.jpg] [access] ::1: - GET /dist/img/user2-160x160.jpg HTTP/404 - http://localhost:7001/app 0 - Mozilla/5.0 (Windows NT 10.0; Win64; x64) AppleWebKit/537.36 (KHTML, like Gecko) Chrome/66.0.3359.139 Safari/537.36
2018-05-14 16:01:13,343 INFO 25508 [-/::1/-/1ms GET /] [access] ::1: - GET / HTTP/200 678 - 0 - Mozilla/5.0 (Windows NT 10.0; Win64; x64) AppleWebKit/537.36 (KHTML, like Gecko) Chrome/66.0.3359.139 Safari/537.36
2018-05-14 16:01:35,621 INFO 25508 [-/::1/-/1ms GET /] [access] ::1: - GET / HTTP/200 678 - 1 - Mozilla/5.0 (Windows NT 10.0; Win64; x64) AppleWebKit/537.36 (KHTML, like Gecko) Chrome/66.0.3359.139 Safari/537.36
2018-05-14 16:01:36,061 INFO 25508 [-/::1/-/1ms GET /] [access] ::1: - GET / HTTP/200 678 - 0 - Mozilla/5.0 (Windows NT 10.0; Win64; x64) AppleWebKit/537.36 (KHTML, like Gecko) Chrome/66.0.3359.139 Safari/537.36
2018-05-14 16:01:36,312 INFO 25508 [-/::1/-/3ms GET /] [access] ::1: - GET / HTTP/200 678 - 1 - Mozilla/5.0 (Windows NT 10.0; Win64; x64) AppleWebKit/537.36 (KHTML, like Gecko) Chrome/66.0.3359.139 Safari/537.36
2018-05-14 16:01:36,553 INFO 25508 [-/::1/-/2ms GET /] [access] ::1: - GET / HTTP/200 678 - 1 - Mozilla/5.0 (Windows NT 10.0; Win64; x64) AppleWebKit/537.36 (KHTML, like Gecko) Chrome/66.0.3359.139 Safari/537.36
2018-05-14 16:01:36,779 INFO 25508 [-/::1/-/1ms GET /] [access] ::1: - GET / HTTP/200 678 - 0 - Mozilla/5.0 (Windows NT 10.0; Win64; x64) AppleWebKit/537.36 (KHTML, like Gecko) Chrome/66.0.3359.139 Safari/537.36
2018-05-14 16:01:37,026 INFO 25508 [-/::1/-/1ms GET /] [access] ::1: - GET / HTTP/200 678 - 0 - Mozilla/5.0 (Windows NT 10.0; Win64; x64) AppleWebKit/537.36 (KHTML, like Gecko) Chrome/66.0.3359.139 Safari/537.36
2018-05-14 16:01:37,075 INFO 25508 [-/::1/-/1ms GET /] [access] ::1: - GET / HTTP/200 678 - 1 - Mozilla/5.0 (Windows NT 10.0; Win64; x64) AppleWebKit/537.36 (KHTML, like Gecko) Chrome/66.0.3359.139 Safari/537.36
2018-05-14 16:01:37,290 INFO 25508 [-/::1/-/1ms GET /] [access] ::1: - GET / HTTP/200 678 - 0 - Mozilla/5.0 (Windows NT 10.0; Win64; x64) AppleWebKit/537.36 (KHTML, like Gecko) Chrome/66.0.3359.139 Safari/537.36
2018-05-14 16:01:42,007 INFO 25508 [-/::1/-/2ms POST /login] [access] ::1: - POST /login HTTP/200 28 http://localhost:7001/ 0 - Mozilla/5.0 (Windows NT 10.0; Win64; x64) AppleWebKit/537.36 (KHTML, like Gecko) Chrome/66.0.3359.139 Safari/537.36
2018-05-14 16:01:42,020 INFO 25508 [-/::1/-/2ms GET /app] [access] ::1: - GET /app HTTP/200 683 http://localhost:7001/ 1 - Mozilla/5.0 (Windows NT 10.0; Win64; x64) AppleWebKit/537.36 (KHTML, like Gecko) Chrome/66.0.3359.139 Safari/537.36
2018-05-14 16:01:42,232 INFO 25508 [-/::1/-/1ms GET /dist/img/AdminLTELogo.png] [access] ::1: - GET /dist/img/AdminLTELogo.png HTTP/404 - http://localhost:7001/app 0 - Mozilla/5.0 (Windows NT 10.0; Win64; x64) AppleWebKit/537.36 (KHTML, like Gecko) Chrome/66.0.3359.139 Safari/537.36
2018-05-14 16:01:42,236 INFO 25508 [-/::1/-/1ms GET /dist/img/user2-160x160.jpg] [access] ::1: - GET /dist/img/user2-160x160.jpg HTTP/404 - http://localhost:7001/app 0 - Mozilla/5.0 (Windows NT 10.0; Win64; x64) AppleWebKit/537.36 (KHTML, like Gecko) Chrome/66.0.3359.139 Safari/537.36
2018-05-14 16:01:43,252 INFO 25508 [-/::1/-/1ms GET /app] [access] ::1: - GET /app HTTP/200 683 http://localhost:7001/ 1 - Mozilla/5.0 (Windows NT 10.0; Win64; x64) AppleWebKit/537.36 (KHTML, like Gecko) Chrome/66.0.3359.139 Safari/537.36
2018-05-14 16:01:43,454 INFO 25508 [-/::1/-/1ms GET /dist/img/AdminLTELogo.png] [access] ::1: - GET /dist/img/AdminLTELogo.png HTTP/404 - http://localhost:7001/app 0 - Mozilla/5.0 (Windows NT 10.0; Win64; x64) AppleWebKit/537.36 (KHTML, like Gecko) Chrome/66.0.3359.139 Safari/537.36
2018-05-14 16:01:43,456 INFO 25508 [-/::1/-/1ms GET /dist/img/user2-160x160.jpg] [access] ::1: - GET /dist/img/user2-160x160.jpg HTTP/404 - http://localhost:7001/app 1 - Mozilla/5.0 (Windows NT 10.0; Win64; x64) AppleWebKit/537.36 (KHTML, like Gecko) Chrome/66.0.3359.139 Safari/537.36
2018-05-14 16:01:43,744 INFO 25508 [-/::1/-/5ms GET /app] [access] ::1: - GET /app HTTP/200 683 http://localhost:7001/ 4 - Mozilla/5.0 (Windows NT 10.0; Win64; x64) AppleWebKit/537.36 (KHTML, like Gecko) Chrome/66.0.3359.139 Safari/537.36
2018-05-14 16:01:43,951 INFO 25508 [-/::1/-/0ms GET /dist/img/AdminLTELogo.png] [access] ::1: - GET /dist/img/AdminLTELogo.png HTTP/404 - http://localhost:7001/app 0 - Mozilla/5.0 (Windows NT 10.0; Win64; x64) AppleWebKit/537.36 (KHTML, like Gecko) Chrome/66.0.3359.139 Safari/537.36
2018-05-14 16:01:43,953 INFO 25508 [-/::1/-/0ms GET /dist/img/user2-160x160.jpg] [access] ::1: - GET /dist/img/user2-160x160.jpg HTTP/404 - http://localhost:7001/app 0 - Mozilla/5.0 (Windows NT 10.0; Win64; x64) AppleWebKit/537.36 (KHTML, like Gecko) Chrome/66.0.3359.139 Safari/537.36
2018-05-14 16:01:55,976 INFO 25508 [-/::1/-/1ms GET /] [access] ::1: - GET / HTTP/200 678 - 1 - Mozilla/5.0 (Windows NT 10.0; Win64; x64) AppleWebKit/537.36 (KHTML, like Gecko) Chrome/66.0.3359.139 Safari/537.36
2018-05-14 16:08:36,283 INFO 30536 [egg-logview] mount log E:\app\logs at http://127.0.0.1:7001/__logs
2018-05-14 16:08:44,224 INFO 30536 [-/::1/-/67ms GET /] [access] ::1: - GET / HTTP/200 678 - 52 - Mozilla/5.0 (Windows NT 10.0; Win64; x64) AppleWebKit/537.36 (KHTML, like Gecko) Chrome/58.0.3029.110 Safari/537.36 Edge/16.16299
2018-05-14 16:08:49,199 INFO 30536 [-/::1/-/13ms POST /login] [access] ::1: - POST /login HTTP/200 28 http://localhost:7001/ 1 - Mozilla/5.0 (Windows NT 10.0; Win64; x64) AppleWebKit/537.36 (KHTML, like Gecko) Chrome/58.0.3029.110 Safari/537.36 Edge/16.16299
2018-05-14 16:08:49,208 INFO 30536 [-/::1/-/1ms GET /app] [access] ::1: - GET /app HTTP/200 683 http://localhost:7001/ 1 - Mozilla/5.0 (Windows NT 10.0; Win64; x64) AppleWebKit/537.36 (KHTML, like Gecko) Chrome/58.0.3029.110 Safari/537.36 Edge/16.16299
2018-05-14 16:08:49,399 INFO 30536 [-/::1/-/1ms GET /dist/img/AdminLTELogo.png] [access] ::1: - GET /dist/img/AdminLTELogo.png HTTP/404 - http://localhost:7001/app 0 - Mozilla/5.0 (Windows NT 10.0; Win64; x64) AppleWebKit/537.36 (KHTML, like Gecko) Chrome/58.0.3029.110 Safari/537.36 Edge/16.16299
2018-05-14 16:08:49,404 INFO 30536 [-/::1/-/0ms GET /dist/img/user2-160x160.jpg] [access] ::1: - GET /dist/img/user2-160x160.jpg HTTP/404 - http://localhost:7001/app 0 - Mozilla/5.0 (Windows NT 10.0; Win64; x64) AppleWebKit/537.36 (KHTML, like Gecko) Chrome/58.0.3029.110 Safari/537.36 Edge/16.16299
2018-05-14 16:09:41,779 INFO 31112 [egg-logview] mount log E:\app\logs at http://127.0.0.1:7001/__logs
2018-05-14 16:09:49,265 INFO 31112 [-/::1/-/31ms GET /] [access] ::1: - GET / HTTP/200 678 - 20 - Mozilla/5.0 (Windows NT 10.0; Win64; x64) AppleWebKit/537.36 (KHTML, like Gecko) Chrome/58.0.3029.110 Safari/537.36 Edge/16.16299
2018-05-14 16:09:55,098 INFO 31112 [-/::1/-/13ms POST /login] [access] ::1: - POST /login HTTP/200 28 http://localhost:7001/ 1 - Mozilla/5.0 (Windows NT 10.0; Win64; x64) AppleWebKit/537.36 (KHTML, like Gecko) Chrome/58.0.3029.110 Safari/537.36 Edge/16.16299
2018-05-14 16:09:55,107 INFO 31112 [-/::1/-/2ms GET /app] [access] ::1: - GET /app HTTP/200 683 http://localhost:7001/ 1 - Mozilla/5.0 (Windows NT 10.0; Win64; x64) AppleWebKit/537.36 (KHTML, like Gecko) Chrome/58.0.3029.110 Safari/537.36 Edge/16.16299
2018-05-14 16:09:55,300 INFO 31112 [-/::1/-/1ms GET /dist/img/AdminLTELogo.png] [access] ::1: - GET /dist/img/AdminLTELogo.png HTTP/404 - http://localhost:7001/app 0 - Mozilla/5.0 (Windows NT 10.0; Win64; x64) AppleWebKit/537.36 (KHTML, like Gecko) Chrome/58.0.3029.110 Safari/537.36 Edge/16.16299
2018-05-14 16:09:55,305 INFO 31112 [-/::1/-/0ms GET /dist/img/user2-160x160.jpg] [access] ::1: - GET /dist/img/user2-160x160.jpg HTTP/404 - http://localhost:7001/app 0 - Mozilla/5.0 (Windows NT 10.0; Win64; x64) AppleWebKit/537.36 (KHTML, like Gecko) Chrome/58.0.3029.110 Safari/537.36 Edge/16.16299
