2018-05-02 10:28:44,611 ERROR 40520 nodejs.TypeError: Cannot read property 'clientWidth' of undefined
    at TableLayout.updateColumnsWidth (D:\app\node_modules\element-ui\lib\element-ui.common.js:11348:36)
    at VueComponent.updateScrollY (D:\app\node_modules\element-ui\lib\element-ui.common.js:10242:19)
    at D:\app\node_modules\element-ui\lib\element-ui.common.js:10771:26
    at Array.<anonymous> (D:\app\node_modules\vue\dist\vue.runtime.common.js:1835:12)
    at flushCallbacks (D:\app\node_modules\vue\dist\vue.runtime.common.js:1756:14)
    at <anonymous>
    at process._tickCallback (internal/process/next_tick.js:188:7)

pid: 40520
hostname: YANGYULONG-DEV

2018-05-02 10:28:47,280 ERROR 40520 nodejs.TypeError: Cannot read property 'clientWidth' of undefined
    at TableLayout.updateColumnsWidth (D:\app\node_modules\element-ui\lib\element-ui.common.js:11348:36)
    at VueComponent.updateScrollY (D:\app\node_modules\element-ui\lib\element-ui.common.js:10242:19)
    at D:\app\node_modules\element-ui\lib\element-ui.common.js:10771:26
    at Array.<anonymous> (D:\app\node_modules\vue\dist\vue.runtime.common.js:1835:12)
    at flushCallbacks (D:\app\node_modules\vue\dist\vue.runtime.common.js:1756:14)
    at <anonymous>
    at process._tickCallback (internal/process/next_tick.js:188:7)

pid: 40520
hostname: YANGYULONG-DEV

2018-05-02 10:28:48,864 ERROR 40520 nodejs.TypeError: Cannot read property 'clientWidth' of undefined
    at TableLayout.updateColumnsWidth (D:\app\node_modules\element-ui\lib\element-ui.common.js:11348:36)
    at VueComponent.updateScrollY (D:\app\node_modules\element-ui\lib\element-ui.common.js:10242:19)
    at D:\app\node_modules\element-ui\lib\element-ui.common.js:10771:26
    at Array.<anonymous> (D:\app\node_modules\vue\dist\vue.runtime.common.js:1835:12)
    at flushCallbacks (D:\app\node_modules\vue\dist\vue.runtime.common.js:1756:14)
    at <anonymous>
    at process._tickCallback (internal/process/next_tick.js:188:7)

pid: 40520
hostname: YANGYULONG-DEV

2018-05-02 10:28:49,991 ERROR 40520 nodejs.TypeError: Cannot read property 'clientWidth' of undefined
    at TableLayout.updateColumnsWidth (D:\app\node_modules\element-ui\lib\element-ui.common.js:11348:36)
    at VueComponent.updateScrollY (D:\app\node_modules\element-ui\lib\element-ui.common.js:10242:19)
    at D:\app\node_modules\element-ui\lib\element-ui.common.js:10771:26
    at Array.<anonymous> (D:\app\node_modules\vue\dist\vue.runtime.common.js:1835:12)
    at flushCallbacks (D:\app\node_modules\vue\dist\vue.runtime.common.js:1756:14)
    at <anonymous>
    at process._tickCallback (internal/process/next_tick.js:188:7)

pid: 40520
hostname: YANGYULONG-DEV

2018-05-02 10:30:07,655 ERROR 40520 nodejs.TypeError: Cannot read property 'clientWidth' of undefined
    at TableLayout.updateColumnsWidth (D:\app\node_modules\element-ui\lib\element-ui.common.js:11348:36)
    at VueComponent.updateScrollY (D:\app\node_modules\element-ui\lib\element-ui.common.js:10242:19)
    at D:\app\node_modules\element-ui\lib\element-ui.common.js:10771:26
    at Array.<anonymous> (D:\app\node_modules\vue\dist\vue.runtime.common.js:1835:12)
    at flushCallbacks (D:\app\node_modules\vue\dist\vue.runtime.common.js:1756:14)
    at <anonymous>
    at process._tickCallback (internal/process/next_tick.js:188:7)

pid: 40520
hostname: YANGYULONG-DEV

2018-05-02 10:30:08,352 ERROR 40520 nodejs.TypeError: Cannot read property 'clientWidth' of undefined
    at TableLayout.updateColumnsWidth (D:\app\node_modules\element-ui\lib\element-ui.common.js:11348:36)
    at VueComponent.updateScrollY (D:\app\node_modules\element-ui\lib\element-ui.common.js:10242:19)
    at D:\app\node_modules\element-ui\lib\element-ui.common.js:10771:26
    at Array.<anonymous> (D:\app\node_modules\vue\dist\vue.runtime.common.js:1835:12)
    at flushCallbacks (D:\app\node_modules\vue\dist\vue.runtime.common.js:1756:14)
    at <anonymous>
    at process._tickCallback (internal/process/next_tick.js:188:7)

pid: 40520
hostname: YANGYULONG-DEV

2018-05-02 10:30:08,719 ERROR 40520 nodejs.TypeError: Cannot read property 'clientWidth' of undefined
    at TableLayout.updateColumnsWidth (D:\app\node_modules\element-ui\lib\element-ui.common.js:11348:36)
    at VueComponent.updateScrollY (D:\app\node_modules\element-ui\lib\element-ui.common.js:10242:19)
    at D:\app\node_modules\element-ui\lib\element-ui.common.js:10771:26
    at Array.<anonymous> (D:\app\node_modules\vue\dist\vue.runtime.common.js:1835:12)
    at flushCallbacks (D:\app\node_modules\vue\dist\vue.runtime.common.js:1756:14)
    at <anonymous>
    at process._tickCallback (internal/process/next_tick.js:188:7)

pid: 40520
hostname: YANGYULONG-DEV

2018-05-02 10:30:09,101 ERROR 40520 nodejs.TypeError: Cannot read property 'clientWidth' of undefined
    at TableLayout.updateColumnsWidth (D:\app\node_modules\element-ui\lib\element-ui.common.js:11348:36)
    at VueComponent.updateScrollY (D:\app\node_modules\element-ui\lib\element-ui.common.js:10242:19)
    at D:\app\node_modules\element-ui\lib\element-ui.common.js:10771:26
    at Array.<anonymous> (D:\app\node_modules\vue\dist\vue.runtime.common.js:1835:12)
    at flushCallbacks (D:\app\node_modules\vue\dist\vue.runtime.common.js:1756:14)
    at <anonymous>
    at process._tickCallback (internal/process/next_tick.js:188:7)

pid: 40520
hostname: YANGYULONG-DEV

2018-05-02 10:30:09,444 ERROR 40520 nodejs.TypeError: Cannot read property 'clientWidth' of undefined
    at TableLayout.updateColumnsWidth (D:\app\node_modules\element-ui\lib\element-ui.common.js:11348:36)
    at VueComponent.updateScrollY (D:\app\node_modules\element-ui\lib\element-ui.common.js:10242:19)
    at D:\app\node_modules\element-ui\lib\element-ui.common.js:10771:26
    at Array.<anonymous> (D:\app\node_modules\vue\dist\vue.runtime.common.js:1835:12)
    at flushCallbacks (D:\app\node_modules\vue\dist\vue.runtime.common.js:1756:14)
    at <anonymous>
    at process._tickCallback (internal/process/next_tick.js:188:7)

pid: 40520
hostname: YANGYULONG-DEV

2018-05-02 10:30:10,036 ERROR 40520 nodejs.TypeError: Cannot read property 'clientWidth' of undefined
    at TableLayout.updateColumnsWidth (D:\app\node_modules\element-ui\lib\element-ui.common.js:11348:36)
    at VueComponent.updateScrollY (D:\app\node_modules\element-ui\lib\element-ui.common.js:10242:19)
    at D:\app\node_modules\element-ui\lib\element-ui.common.js:10771:26
    at Array.<anonymous> (D:\app\node_modules\vue\dist\vue.runtime.common.js:1835:12)
    at flushCallbacks (D:\app\node_modules\vue\dist\vue.runtime.common.js:1756:14)
    at <anonymous>
    at process._tickCallback (internal/process/next_tick.js:188:7)

pid: 40520
hostname: YANGYULONG-DEV

2018-05-02 10:30:10,675 ERROR 40520 nodejs.TypeError: Cannot read property 'clientWidth' of undefined
    at TableLayout.updateColumnsWidth (D:\app\node_modules\element-ui\lib\element-ui.common.js:11348:36)
    at VueComponent.updateScrollY (D:\app\node_modules\element-ui\lib\element-ui.common.js:10242:19)
    at D:\app\node_modules\element-ui\lib\element-ui.common.js:10771:26
    at Array.<anonymous> (D:\app\node_modules\vue\dist\vue.runtime.common.js:1835:12)
    at flushCallbacks (D:\app\node_modules\vue\dist\vue.runtime.common.js:1756:14)
    at <anonymous>
    at process._tickCallback (internal/process/next_tick.js:188:7)

pid: 40520
hostname: YANGYULONG-DEV

2018-05-02 10:47:39,225 ERROR 56844 nodejs.SyntaxError: Invalid or unexpected token
const webpack = require("webpack")；
                                  ^

SyntaxError: Invalid or unexpected token
    at createScript (vm.js:80:10)
    at Object.runInThisContext (vm.js:152:10)
    at Module._compile (module.js:605:28)
    at Object.Module._extensions..js (module.js:652:10)
    at Module.load (module.js:560:32)
    at tryModuleLoad (module.js:503:12)
    at Function.Module._load (module.js:495:3)
    at Module.require (module.js:585:17)
    at require (internal/module.js:11:18)
    at Object.exports.getWebpackConfigJSON (D:\app\node_modules\egg-webpack\lib\utils.js:36:12)

pid: 56844
hostname: YANGYULONG-DEV

2018-05-02 10:48:42,926 ERROR 32076 A client (undefined:NaN) error [ECONNRESET] occurred: read ECONNRESET
2018-05-02 13:16:56,316 ERROR 55344 [app/app.js] server render bundle error, try client render, the server render error TypeError: Cannot set property 'emulateTransitionEnd' of undefined
    at eval (webpack:///./node_modules/bootstrap/dist/js/bootstrap.min.js?:6:2617)
    at eval (webpack:///./node_modules/bootstrap/dist/js/bootstrap.min.js?:6:2777)
    at eval (webpack:///./node_modules/bootstrap/dist/js/bootstrap.min.js?:6:22)
    at eval (webpack:///./node_modules/bootstrap/dist/js/bootstrap.min.js?:6:137)
    at Object../node_modules/bootstrap/dist/js/bootstrap.min.js (__vue_ssr_bundle__:308:1)
    at __webpack_require__ (__vue_ssr_bundle__:29:30)
    at eval (webpack:///./app/web/page/app/app.vue?./node_modules/babel-loader/lib!./node_modules/vue-loader/lib/selector.js?type=script&index=0:10:92)
    at Object../node_modules/babel-loader/lib/index.js!./node_modules/vue-loader/lib/selector.js?type=script&index=0!./app/web/page/app/app.vue (__vue_ssr_bundle__:274:1)
    at __webpack_require__ (__vue_ssr_bundle__:29:30)
    at eval (webpack:///./app/web/page/app/app.vue?:2:136)
2018-05-02 13:16:59,870 ERROR 55344 [app/app.js] server render bundle error, try client render, the server render error TypeError: Cannot set property 'emulateTransitionEnd' of undefined
    at eval (webpack:///./node_modules/bootstrap/dist/js/bootstrap.min.js?:6:2617)
    at eval (webpack:///./node_modules/bootstrap/dist/js/bootstrap.min.js?:6:2777)
    at eval (webpack:///./node_modules/bootstrap/dist/js/bootstrap.min.js?:6:22)
    at eval (webpack:///./node_modules/bootstrap/dist/js/bootstrap.min.js?:6:137)
    at Object../node_modules/bootstrap/dist/js/bootstrap.min.js (__vue_ssr_bundle__:308:1)
    at __webpack_require__ (__vue_ssr_bundle__:29:30)
    at eval (webpack:///./app/web/page/app/app.vue?./node_modules/babel-loader/lib!./node_modules/vue-loader/lib/selector.js?type=script&index=0:10:92)
    at Object../node_modules/babel-loader/lib/index.js!./node_modules/vue-loader/lib/selector.js?type=script&index=0!./app/web/page/app/app.vue (__vue_ssr_bundle__:274:1)
    at __webpack_require__ (__vue_ssr_bundle__:29:30)
    at eval (webpack:///./app/web/page/app/app.vue?:2:136)
2018-05-02 13:17:00,770 ERROR 55344 [app/app.js] server render bundle error, try client render, the server render error TypeError: Cannot set property 'emulateTransitionEnd' of undefined
    at eval (webpack:///./node_modules/bootstrap/dist/js/bootstrap.min.js?:6:2617)
    at eval (webpack:///./node_modules/bootstrap/dist/js/bootstrap.min.js?:6:2777)
    at eval (webpack:///./node_modules/bootstrap/dist/js/bootstrap.min.js?:6:22)
    at eval (webpack:///./node_modules/bootstrap/dist/js/bootstrap.min.js?:6:137)
    at Object../node_modules/bootstrap/dist/js/bootstrap.min.js (__vue_ssr_bundle__:308:1)
    at __webpack_require__ (__vue_ssr_bundle__:29:30)
    at eval (webpack:///./app/web/page/app/app.vue?./node_modules/babel-loader/lib!./node_modules/vue-loader/lib/selector.js?type=script&index=0:10:92)
    at Object../node_modules/babel-loader/lib/index.js!./node_modules/vue-loader/lib/selector.js?type=script&index=0!./app/web/page/app/app.vue (__vue_ssr_bundle__:274:1)
    at __webpack_require__ (__vue_ssr_bundle__:29:30)
    at eval (webpack:///./app/web/page/app/app.vue?:2:136)
2018-05-02 15:37:19,826 ERROR 57036 [index/index.js] server render bundle error, try client render, the server render error TypeError: Cannot set property 'emulateTransitionEnd' of undefined
    at eval (webpack:///./node_modules/bootstrap/dist/js/bootstrap.min.js?:6:2617)
    at eval (webpack:///./node_modules/bootstrap/dist/js/bootstrap.min.js?:6:2777)
    at eval (webpack:///./node_modules/bootstrap/dist/js/bootstrap.min.js?:6:22)
    at eval (webpack:///./node_modules/bootstrap/dist/js/bootstrap.min.js?:6:137)
    at Object../node_modules/bootstrap/dist/js/bootstrap.min.js (__vue_ssr_bundle__:168:1)
    at __webpack_require__ (__vue_ssr_bundle__:23:30)
    at eval (webpack:///./app/web/page/index/index.vue?./node_modules/babel-loader/lib!./node_modules/vue-loader/lib/selector.js?type=script&index=0:4:92)
    at Object../node_modules/babel-loader/lib/index.js!./node_modules/vue-loader/lib/selector.js?type=script&index=0!./app/web/page/index/index.vue (__vue_ssr_bundle__:146:1)
    at __webpack_require__ (__vue_ssr_bundle__:23:30)
    at eval (webpack:///./app/web/page/index/index.vue?:2:138)
2018-05-02 15:53:51,527 ERROR 55848 [index/index.js] server render bundle error, try client render, the server render error TypeError: Cannot set property 'emulateTransitionEnd' of undefined
    at eval (webpack:///./node_modules/bootstrap/dist/js/bootstrap.min.js?:6:2617)
    at eval (webpack:///./node_modules/bootstrap/dist/js/bootstrap.min.js?:6:2777)
    at eval (webpack:///./node_modules/bootstrap/dist/js/bootstrap.min.js?:6:22)
    at eval (webpack:///./node_modules/bootstrap/dist/js/bootstrap.min.js?:6:137)
    at Object../node_modules/bootstrap/dist/js/bootstrap.min.js (__vue_ssr_bundle__:168:1)
    at __webpack_require__ (__vue_ssr_bundle__:23:30)
    at eval (webpack:///./app/web/page/index/index.vue?./node_modules/babel-loader/lib!./node_modules/vue-loader/lib/selector.js?type=script&index=0:4:92)
    at Object../node_modules/babel-loader/lib/index.js!./node_modules/vue-loader/lib/selector.js?type=script&index=0!./app/web/page/index/index.vue (__vue_ssr_bundle__:146:1)
    at __webpack_require__ (__vue_ssr_bundle__:23:30)
    at eval (webpack:///./app/web/page/index/index.vue?:2:138)
2018-05-02 16:06:59,456 ERROR 55976 [index/index.js] server render bundle error, try client render, the server render error TypeError: Cannot set property 'emulateTransitionEnd' of undefined
    at eval (webpack:///./node_modules/bootstrap/dist/js/bootstrap.min.js?:6:2617)
    at eval (webpack:///./node_modules/bootstrap/dist/js/bootstrap.min.js?:6:2777)
    at eval (webpack:///./node_modules/bootstrap/dist/js/bootstrap.min.js?:6:22)
    at eval (webpack:///./node_modules/bootstrap/dist/js/bootstrap.min.js?:6:137)
    at Object../node_modules/bootstrap/dist/js/bootstrap.min.js (__vue_ssr_bundle__:168:1)
    at __webpack_require__ (__vue_ssr_bundle__:23:30)
    at eval (webpack:///./app/web/page/index/index.vue?./node_modules/babel-loader/lib!./node_modules/vue-loader/lib/selector.js?type=script&index=0:4:92)
    at Object../node_modules/babel-loader/lib/index.js!./node_modules/vue-loader/lib/selector.js?type=script&index=0!./app/web/page/index/index.vue (__vue_ssr_bundle__:146:1)
    at __webpack_require__ (__vue_ssr_bundle__:23:30)
    at eval (webpack:///./app/web/page/index/index.vue?:2:138)
2018-05-02 16:07:08,236 ERROR 55976 [index/index.js] server render bundle error, try client render, the server render error TypeError: Cannot set property 'emulateTransitionEnd' of undefined
    at eval (webpack:///./node_modules/bootstrap/dist/js/bootstrap.min.js?:6:2617)
    at eval (webpack:///./node_modules/bootstrap/dist/js/bootstrap.min.js?:6:2777)
    at eval (webpack:///./node_modules/bootstrap/dist/js/bootstrap.min.js?:6:22)
    at eval (webpack:///./node_modules/bootstrap/dist/js/bootstrap.min.js?:6:137)
    at Object../node_modules/bootstrap/dist/js/bootstrap.min.js (__vue_ssr_bundle__:168:1)
    at __webpack_require__ (__vue_ssr_bundle__:23:30)
    at eval (webpack:///./app/web/page/index/index.vue?./node_modules/babel-loader/lib!./node_modules/vue-loader/lib/selector.js?type=script&index=0:4:92)
    at Object../node_modules/babel-loader/lib/index.js!./node_modules/vue-loader/lib/selector.js?type=script&index=0!./app/web/page/index/index.vue (__vue_ssr_bundle__:146:1)
    at __webpack_require__ (__vue_ssr_bundle__:23:30)
    at eval (webpack:///./app/web/page/index/index.vue?:2:138)
2018-05-02 16:07:14,685 ERROR 55976 [index/index.js] server render bundle error, try client render, the server render error TypeError: Cannot set property 'emulateTransitionEnd' of undefined
    at eval (webpack:///./node_modules/bootstrap/dist/js/bootstrap.min.js?:6:2617)
    at eval (webpack:///./node_modules/bootstrap/dist/js/bootstrap.min.js?:6:2777)
    at eval (webpack:///./node_modules/bootstrap/dist/js/bootstrap.min.js?:6:22)
    at eval (webpack:///./node_modules/bootstrap/dist/js/bootstrap.min.js?:6:137)
    at Object../node_modules/bootstrap/dist/js/bootstrap.min.js (__vue_ssr_bundle__:168:1)
    at __webpack_require__ (__vue_ssr_bundle__:23:30)
    at eval (webpack:///./app/web/page/index/index.vue?./node_modules/babel-loader/lib!./node_modules/vue-loader/lib/selector.js?type=script&index=0:4:92)
    at Object../node_modules/babel-loader/lib/index.js!./node_modules/vue-loader/lib/selector.js?type=script&index=0!./app/web/page/index/index.vue (__vue_ssr_bundle__:146:1)
    at __webpack_require__ (__vue_ssr_bundle__:23:30)
    at eval (webpack:///./app/web/page/index/index.vue?:2:138)
2018-05-02 16:07:34,940 ERROR 55976 [index/index.js] server render bundle error, try client render, the server render error TypeError: Cannot set property 'emulateTransitionEnd' of undefined
    at eval (webpack:///./node_modules/bootstrap/dist/js/bootstrap.min.js?:6:2617)
    at eval (webpack:///./node_modules/bootstrap/dist/js/bootstrap.min.js?:6:2777)
    at eval (webpack:///./node_modules/bootstrap/dist/js/bootstrap.min.js?:6:22)
    at eval (webpack:///./node_modules/bootstrap/dist/js/bootstrap.min.js?:6:137)
    at Object../node_modules/bootstrap/dist/js/bootstrap.min.js (__vue_ssr_bundle__:168:1)
    at __webpack_require__ (__vue_ssr_bundle__:23:30)
    at eval (webpack:///./app/web/page/index/index.vue?./node_modules/babel-loader/lib!./node_modules/vue-loader/lib/selector.js?type=script&index=0:4:92)
    at Object../node_modules/babel-loader/lib/index.js!./node_modules/vue-loader/lib/selector.js?type=script&index=0!./app/web/page/index/index.vue (__vue_ssr_bundle__:146:1)
    at __webpack_require__ (__vue_ssr_bundle__:23:30)
    at eval (webpack:///./app/web/page/index/index.vue?:2:138)
2018-05-02 16:07:40,648 ERROR 55976 [index/index.js] server render bundle error, try client render, the server render error TypeError: Cannot set property 'emulateTransitionEnd' of undefined
    at eval (webpack:///./node_modules/bootstrap/dist/js/bootstrap.min.js?:6:2617)
    at eval (webpack:///./node_modules/bootstrap/dist/js/bootstrap.min.js?:6:2777)
    at eval (webpack:///./node_modules/bootstrap/dist/js/bootstrap.min.js?:6:22)
    at eval (webpack:///./node_modules/bootstrap/dist/js/bootstrap.min.js?:6:137)
    at Object../node_modules/bootstrap/dist/js/bootstrap.min.js (__vue_ssr_bundle__:168:1)
    at __webpack_require__ (__vue_ssr_bundle__:23:30)
    at eval (webpack:///./app/web/page/index/index.vue?./node_modules/babel-loader/lib!./node_modules/vue-loader/lib/selector.js?type=script&index=0:4:92)
    at Object../node_modules/babel-loader/lib/index.js!./node_modules/vue-loader/lib/selector.js?type=script&index=0!./app/web/page/index/index.vue (__vue_ssr_bundle__:146:1)
    at __webpack_require__ (__vue_ssr_bundle__:23:30)
    at eval (webpack:///./app/web/page/index/index.vue?:2:138)
2018-05-02 16:08:02,029 ERROR 55976 [index/index.js] server render bundle error, try client render, the server render error TypeError: Cannot set property 'emulateTransitionEnd' of undefined
    at eval (webpack:///./node_modules/bootstrap/dist/js/bootstrap.min.js?:6:2617)
    at eval (webpack:///./node_modules/bootstrap/dist/js/bootstrap.min.js?:6:2777)
    at eval (webpack:///./node_modules/bootstrap/dist/js/bootstrap.min.js?:6:22)
    at eval (webpack:///./node_modules/bootstrap/dist/js/bootstrap.min.js?:6:137)
    at Object../node_modules/bootstrap/dist/js/bootstrap.min.js (__vue_ssr_bundle__:168:1)
    at __webpack_require__ (__vue_ssr_bundle__:23:30)
    at eval (webpack:///./app/web/page/index/index.vue?./node_modules/babel-loader/lib!./node_modules/vue-loader/lib/selector.js?type=script&index=0:4:92)
    at Object../node_modules/babel-loader/lib/index.js!./node_modules/vue-loader/lib/selector.js?type=script&index=0!./app/web/page/index/index.vue (__vue_ssr_bundle__:146:1)
    at __webpack_require__ (__vue_ssr_bundle__:23:30)
    at eval (webpack:///./app/web/page/index/index.vue?:2:138)
2018-05-02 16:08:22,118 ERROR 55976 [index/index.js] server render bundle error, try client render, the server render error TypeError: Cannot set property 'emulateTransitionEnd' of undefined
    at eval (webpack:///./node_modules/bootstrap/dist/js/bootstrap.min.js?:6:2617)
    at eval (webpack:///./node_modules/bootstrap/dist/js/bootstrap.min.js?:6:2777)
    at eval (webpack:///./node_modules/bootstrap/dist/js/bootstrap.min.js?:6:22)
    at eval (webpack:///./node_modules/bootstrap/dist/js/bootstrap.min.js?:6:137)
    at Object../node_modules/bootstrap/dist/js/bootstrap.min.js (__vue_ssr_bundle__:168:1)
    at __webpack_require__ (__vue_ssr_bundle__:23:30)
    at eval (webpack:///./app/web/page/index/index.vue?./node_modules/babel-loader/lib!./node_modules/vue-loader/lib/selector.js?type=script&index=0:4:92)
    at Object../node_modules/babel-loader/lib/index.js!./node_modules/vue-loader/lib/selector.js?type=script&index=0!./app/web/page/index/index.vue (__vue_ssr_bundle__:146:1)
    at __webpack_require__ (__vue_ssr_bundle__:23:30)
    at eval (webpack:///./app/web/page/index/index.vue?:2:138)
2018-05-02 16:11:47,638 ERROR 55976 [index/index.js] server render bundle error, try client render, the server render error TypeError: Cannot set property 'emulateTransitionEnd' of undefined
    at eval (webpack:///./node_modules/bootstrap/dist/js/bootstrap.min.js?:6:2617)
    at eval (webpack:///./node_modules/bootstrap/dist/js/bootstrap.min.js?:6:2777)
    at eval (webpack:///./node_modules/bootstrap/dist/js/bootstrap.min.js?:6:22)
    at eval (webpack:///./node_modules/bootstrap/dist/js/bootstrap.min.js?:6:137)
    at Object../node_modules/bootstrap/dist/js/bootstrap.min.js (__vue_ssr_bundle__:168:1)
    at __webpack_require__ (__vue_ssr_bundle__:23:30)
    at eval (webpack:///./app/web/page/index/index.vue?./node_modules/babel-loader/lib!./node_modules/vue-loader/lib/selector.js?type=script&index=0:4:92)
    at Object../node_modules/babel-loader/lib/index.js!./node_modules/vue-loader/lib/selector.js?type=script&index=0!./app/web/page/index/index.vue (__vue_ssr_bundle__:146:1)
    at __webpack_require__ (__vue_ssr_bundle__:23:30)
    at eval (webpack:///./app/web/page/index/index.vue?:2:138)
2018-05-02 16:35:02,244 ERROR 55976 [index/index.js] server render bundle error, try client render, the server render error TypeError: Cannot set property 'emulateTransitionEnd' of undefined
    at eval (webpack:///./node_modules/bootstrap/dist/js/bootstrap.min.js?:6:2617)
    at eval (webpack:///./node_modules/bootstrap/dist/js/bootstrap.min.js?:6:2777)
    at eval (webpack:///./node_modules/bootstrap/dist/js/bootstrap.min.js?:6:22)
    at eval (webpack:///./node_modules/bootstrap/dist/js/bootstrap.min.js?:6:137)
    at Object../node_modules/bootstrap/dist/js/bootstrap.min.js (__vue_ssr_bundle__:168:1)
    at __webpack_require__ (__vue_ssr_bundle__:23:30)
    at eval (webpack:///./app/web/page/index/index.vue?./node_modules/babel-loader/lib!./node_modules/vue-loader/lib/selector.js?type=script&index=0:4:92)
    at Object../node_modules/babel-loader/lib/index.js!./node_modules/vue-loader/lib/selector.js?type=script&index=0!./app/web/page/index/index.vue (__vue_ssr_bundle__:146:1)
    at __webpack_require__ (__vue_ssr_bundle__:23:30)
    at eval (webpack:///./app/web/page/index/index.vue?:2:138)
2018-05-02 17:46:14,079 ERROR 55920 [index/index.js] server render bundle error, try client render, the server render error TypeError: Cannot set property 'emulateTransitionEnd' of undefined
    at eval (webpack:///./node_modules/bootstrap/dist/js/bootstrap.min.js?:6:2617)
    at eval (webpack:///./node_modules/bootstrap/dist/js/bootstrap.min.js?:6:2777)
    at eval (webpack:///./node_modules/bootstrap/dist/js/bootstrap.min.js?:6:22)
    at eval (webpack:///./node_modules/bootstrap/dist/js/bootstrap.min.js?:6:137)
    at Object../node_modules/bootstrap/dist/js/bootstrap.min.js (__vue_ssr_bundle__:168:1)
    at __webpack_require__ (__vue_ssr_bundle__:23:30)
    at eval (webpack:///./app/web/page/index/index.vue?./node_modules/babel-loader/lib!./node_modules/vue-loader/lib/selector.js?type=script&index=0:4:92)
    at Object../node_modules/babel-loader/lib/index.js!./node_modules/vue-loader/lib/selector.js?type=script&index=0!./app/web/page/index/index.vue (__vue_ssr_bundle__:146:1)
    at __webpack_require__ (__vue_ssr_bundle__:23:30)
    at eval (webpack:///./app/web/page/index/index.vue?:2:138)
2018-05-02 17:46:15,346 ERROR 55920 [index/index.js] server render bundle error, try client render, the server render error TypeError: Cannot set property 'emulateTransitionEnd' of undefined
    at eval (webpack:///./node_modules/bootstrap/dist/js/bootstrap.min.js?:6:2617)
    at eval (webpack:///./node_modules/bootstrap/dist/js/bootstrap.min.js?:6:2777)
    at eval (webpack:///./node_modules/bootstrap/dist/js/bootstrap.min.js?:6:22)
    at eval (webpack:///./node_modules/bootstrap/dist/js/bootstrap.min.js?:6:137)
    at Object../node_modules/bootstrap/dist/js/bootstrap.min.js (__vue_ssr_bundle__:168:1)
    at __webpack_require__ (__vue_ssr_bundle__:23:30)
    at eval (webpack:///./app/web/page/index/index.vue?./node_modules/babel-loader/lib!./node_modules/vue-loader/lib/selector.js?type=script&index=0:4:92)
    at Object../node_modules/babel-loader/lib/index.js!./node_modules/vue-loader/lib/selector.js?type=script&index=0!./app/web/page/index/index.vue (__vue_ssr_bundle__:146:1)
    at __webpack_require__ (__vue_ssr_bundle__:23:30)
    at eval (webpack:///./app/web/page/index/index.vue?:2:138)
2018-05-02 17:46:21,300 ERROR 55920 [index/index.js] server render bundle error, try client render, the server render error TypeError: Cannot set property 'emulateTransitionEnd' of undefined
    at eval (webpack:///./node_modules/bootstrap/dist/js/bootstrap.min.js?:6:2617)
    at eval (webpack:///./node_modules/bootstrap/dist/js/bootstrap.min.js?:6:2777)
    at eval (webpack:///./node_modules/bootstrap/dist/js/bootstrap.min.js?:6:22)
    at eval (webpack:///./node_modules/bootstrap/dist/js/bootstrap.min.js?:6:137)
    at Object../node_modules/bootstrap/dist/js/bootstrap.min.js (__vue_ssr_bundle__:168:1)
    at __webpack_require__ (__vue_ssr_bundle__:23:30)
    at eval (webpack:///./app/web/page/index/index.vue?./node_modules/babel-loader/lib!./node_modules/vue-loader/lib/selector.js?type=script&index=0:4:92)
    at Object../node_modules/babel-loader/lib/index.js!./node_modules/vue-loader/lib/selector.js?type=script&index=0!./app/web/page/index/index.vue (__vue_ssr_bundle__:146:1)
    at __webpack_require__ (__vue_ssr_bundle__:23:30)
    at eval (webpack:///./app/web/page/index/index.vue?:2:138)
2018-05-02 17:46:22,289 ERROR 55920 [index/index.js] server render bundle error, try client render, the server render error TypeError: Cannot set property 'emulateTransitionEnd' of undefined
    at eval (webpack:///./node_modules/bootstrap/dist/js/bootstrap.min.js?:6:2617)
    at eval (webpack:///./node_modules/bootstrap/dist/js/bootstrap.min.js?:6:2777)
    at eval (webpack:///./node_modules/bootstrap/dist/js/bootstrap.min.js?:6:22)
    at eval (webpack:///./node_modules/bootstrap/dist/js/bootstrap.min.js?:6:137)
    at Object../node_modules/bootstrap/dist/js/bootstrap.min.js (__vue_ssr_bundle__:168:1)
    at __webpack_require__ (__vue_ssr_bundle__:23:30)
    at eval (webpack:///./app/web/page/index/index.vue?./node_modules/babel-loader/lib!./node_modules/vue-loader/lib/selector.js?type=script&index=0:4:92)
    at Object../node_modules/babel-loader/lib/index.js!./node_modules/vue-loader/lib/selector.js?type=script&index=0!./app/web/page/index/index.vue (__vue_ssr_bundle__:146:1)
    at __webpack_require__ (__vue_ssr_bundle__:23:30)
    at eval (webpack:///./app/web/page/index/index.vue?:2:138)
2018-05-02 17:46:23,228 ERROR 55920 [index/index.js] server render bundle error, try client render, the server render error TypeError: Cannot set property 'emulateTransitionEnd' of undefined
    at eval (webpack:///./node_modules/bootstrap/dist/js/bootstrap.min.js?:6:2617)
    at eval (webpack:///./node_modules/bootstrap/dist/js/bootstrap.min.js?:6:2777)
    at eval (webpack:///./node_modules/bootstrap/dist/js/bootstrap.min.js?:6:22)
    at eval (webpack:///./node_modules/bootstrap/dist/js/bootstrap.min.js?:6:137)
    at Object../node_modules/bootstrap/dist/js/bootstrap.min.js (__vue_ssr_bundle__:168:1)
    at __webpack_require__ (__vue_ssr_bundle__:23:30)
    at eval (webpack:///./app/web/page/index/index.vue?./node_modules/babel-loader/lib!./node_modules/vue-loader/lib/selector.js?type=script&index=0:4:92)
    at Object../node_modules/babel-loader/lib/index.js!./node_modules/vue-loader/lib/selector.js?type=script&index=0!./app/web/page/index/index.vue (__vue_ssr_bundle__:146:1)
    at __webpack_require__ (__vue_ssr_bundle__:23:30)
    at eval (webpack:///./app/web/page/index/index.vue?:2:138)
2018-05-02 17:46:24,027 ERROR 55920 [index/index.js] server render bundle error, try client render, the server render error TypeError: Cannot set property 'emulateTransitionEnd' of undefined
    at eval (webpack:///./node_modules/bootstrap/dist/js/bootstrap.min.js?:6:2617)
    at eval (webpack:///./node_modules/bootstrap/dist/js/bootstrap.min.js?:6:2777)
    at eval (webpack:///./node_modules/bootstrap/dist/js/bootstrap.min.js?:6:22)
    at eval (webpack:///./node_modules/bootstrap/dist/js/bootstrap.min.js?:6:137)
    at Object../node_modules/bootstrap/dist/js/bootstrap.min.js (__vue_ssr_bundle__:168:1)
    at __webpack_require__ (__vue_ssr_bundle__:23:30)
    at eval (webpack:///./app/web/page/index/index.vue?./node_modules/babel-loader/lib!./node_modules/vue-loader/lib/selector.js?type=script&index=0:4:92)
    at Object../node_modules/babel-loader/lib/index.js!./node_modules/vue-loader/lib/selector.js?type=script&index=0!./app/web/page/index/index.vue (__vue_ssr_bundle__:146:1)
    at __webpack_require__ (__vue_ssr_bundle__:23:30)
    at eval (webpack:///./app/web/page/index/index.vue?:2:138)
2018-05-02 17:46:24,790 ERROR 55920 [index/index.js] server render bundle error, try client render, the server render error TypeError: Cannot set property 'emulateTransitionEnd' of undefined
    at eval (webpack:///./node_modules/bootstrap/dist/js/bootstrap.min.js?:6:2617)
    at eval (webpack:///./node_modules/bootstrap/dist/js/bootstrap.min.js?:6:2777)
    at eval (webpack:///./node_modules/bootstrap/dist/js/bootstrap.min.js?:6:22)
    at eval (webpack:///./node_modules/bootstrap/dist/js/bootstrap.min.js?:6:137)
    at Object../node_modules/bootstrap/dist/js/bootstrap.min.js (__vue_ssr_bundle__:168:1)
    at __webpack_require__ (__vue_ssr_bundle__:23:30)
    at eval (webpack:///./app/web/page/index/index.vue?./node_modules/babel-loader/lib!./node_modules/vue-loader/lib/selector.js?type=script&index=0:4:92)
    at Object../node_modules/babel-loader/lib/index.js!./node_modules/vue-loader/lib/selector.js?type=script&index=0!./app/web/page/index/index.vue (__vue_ssr_bundle__:146:1)
    at __webpack_require__ (__vue_ssr_bundle__:23:30)
    at eval (webpack:///./app/web/page/index/index.vue?:2:138)
2018-05-02 17:46:25,821 ERROR 55920 [index/index.js] server render bundle error, try client render, the server render error TypeError: Cannot set property 'emulateTransitionEnd' of undefined
    at eval (webpack:///./node_modules/bootstrap/dist/js/bootstrap.min.js?:6:2617)
    at eval (webpack:///./node_modules/bootstrap/dist/js/bootstrap.min.js?:6:2777)
    at eval (webpack:///./node_modules/bootstrap/dist/js/bootstrap.min.js?:6:22)
    at eval (webpack:///./node_modules/bootstrap/dist/js/bootstrap.min.js?:6:137)
    at Object../node_modules/bootstrap/dist/js/bootstrap.min.js (__vue_ssr_bundle__:168:1)
    at __webpack_require__ (__vue_ssr_bundle__:23:30)
    at eval (webpack:///./app/web/page/index/index.vue?./node_modules/babel-loader/lib!./node_modules/vue-loader/lib/selector.js?type=script&index=0:4:92)
    at Object../node_modules/babel-loader/lib/index.js!./node_modules/vue-loader/lib/selector.js?type=script&index=0!./app/web/page/index/index.vue (__vue_ssr_bundle__:146:1)
    at __webpack_require__ (__vue_ssr_bundle__:23:30)
    at eval (webpack:///./app/web/page/index/index.vue?:2:138)
2018-05-02 17:46:44,982 ERROR 55920 [index/index.js] server render bundle error, try client render, the server render error TypeError: Cannot set property 'emulateTransitionEnd' of undefined
    at eval (webpack:///./node_modules/bootstrap/dist/js/bootstrap.min.js?:6:2617)
    at eval (webpack:///./node_modules/bootstrap/dist/js/bootstrap.min.js?:6:2777)
    at eval (webpack:///./node_modules/bootstrap/dist/js/bootstrap.min.js?:6:22)
    at eval (webpack:///./node_modules/bootstrap/dist/js/bootstrap.min.js?:6:137)
    at Object../node_modules/bootstrap/dist/js/bootstrap.min.js (__vue_ssr_bundle__:168:1)
    at __webpack_require__ (__vue_ssr_bundle__:23:30)
    at eval (webpack:///./app/web/page/index/index.vue?./node_modules/babel-loader/lib!./node_modules/vue-loader/lib/selector.js?type=script&index=0:4:92)
    at Object../node_modules/babel-loader/lib/index.js!./node_modules/vue-loader/lib/selector.js?type=script&index=0!./app/web/page/index/index.vue (__vue_ssr_bundle__:146:1)
    at __webpack_require__ (__vue_ssr_bundle__:23:30)
    at eval (webpack:///./app/web/page/index/index.vue?:2:138)
2018-05-02 17:49:35,318 ERROR 55920 [index/index.js] server render bundle error, try client render, the server render error TypeError: Cannot set property 'emulateTransitionEnd' of undefined
    at eval (webpack:///./node_modules/bootstrap/dist/js/bootstrap.min.js?:6:2617)
    at eval (webpack:///./node_modules/bootstrap/dist/js/bootstrap.min.js?:6:2777)
    at eval (webpack:///./node_modules/bootstrap/dist/js/bootstrap.min.js?:6:22)
    at eval (webpack:///./node_modules/bootstrap/dist/js/bootstrap.min.js?:6:137)
    at Object../node_modules/bootstrap/dist/js/bootstrap.min.js (__vue_ssr_bundle__:168:1)
    at __webpack_require__ (__vue_ssr_bundle__:23:30)
    at eval (webpack:///./app/web/page/index/index.vue?./node_modules/babel-loader/lib!./node_modules/vue-loader/lib/selector.js?type=script&index=0:4:92)
    at Object../node_modules/babel-loader/lib/index.js!./node_modules/vue-loader/lib/selector.js?type=script&index=0!./app/web/page/index/index.vue (__vue_ssr_bundle__:146:1)
    at __webpack_require__ (__vue_ssr_bundle__:23:30)
    at eval (webpack:///./app/web/page/index/index.vue?:2:138)
2018-05-02 17:49:36,167 ERROR 55920 [index/index.js] server render bundle error, try client render, the server render error TypeError: Cannot set property 'emulateTransitionEnd' of undefined
    at eval (webpack:///./node_modules/bootstrap/dist/js/bootstrap.min.js?:6:2617)
    at eval (webpack:///./node_modules/bootstrap/dist/js/bootstrap.min.js?:6:2777)
    at eval (webpack:///./node_modules/bootstrap/dist/js/bootstrap.min.js?:6:22)
    at eval (webpack:///./node_modules/bootstrap/dist/js/bootstrap.min.js?:6:137)
    at Object../node_modules/bootstrap/dist/js/bootstrap.min.js (__vue_ssr_bundle__:168:1)
    at __webpack_require__ (__vue_ssr_bundle__:23:30)
    at eval (webpack:///./app/web/page/index/index.vue?./node_modules/babel-loader/lib!./node_modules/vue-loader/lib/selector.js?type=script&index=0:4:92)
    at Object../node_modules/babel-loader/lib/index.js!./node_modules/vue-loader/lib/selector.js?type=script&index=0!./app/web/page/index/index.vue (__vue_ssr_bundle__:146:1)
    at __webpack_require__ (__vue_ssr_bundle__:23:30)
    at eval (webpack:///./app/web/page/index/index.vue?:2:138)
2018-05-02 17:49:36,557 ERROR 55920 [index/index.js] server render bundle error, try client render, the server render error TypeError: Cannot set property 'emulateTransitionEnd' of undefined
    at eval (webpack:///./node_modules/bootstrap/dist/js/bootstrap.min.js?:6:2617)
    at eval (webpack:///./node_modules/bootstrap/dist/js/bootstrap.min.js?:6:2777)
    at eval (webpack:///./node_modules/bootstrap/dist/js/bootstrap.min.js?:6:22)
    at eval (webpack:///./node_modules/bootstrap/dist/js/bootstrap.min.js?:6:137)
    at Object../node_modules/bootstrap/dist/js/bootstrap.min.js (__vue_ssr_bundle__:168:1)
    at __webpack_require__ (__vue_ssr_bundle__:23:30)
    at eval (webpack:///./app/web/page/index/index.vue?./node_modules/babel-loader/lib!./node_modules/vue-loader/lib/selector.js?type=script&index=0:4:92)
    at Object../node_modules/babel-loader/lib/index.js!./node_modules/vue-loader/lib/selector.js?type=script&index=0!./app/web/page/index/index.vue (__vue_ssr_bundle__:146:1)
    at __webpack_require__ (__vue_ssr_bundle__:23:30)
    at eval (webpack:///./app/web/page/index/index.vue?:2:138)
2018-05-02 17:49:36,918 ERROR 55920 [index/index.js] server render bundle error, try client render, the server render error TypeError: Cannot set property 'emulateTransitionEnd' of undefined
    at eval (webpack:///./node_modules/bootstrap/dist/js/bootstrap.min.js?:6:2617)
    at eval (webpack:///./node_modules/bootstrap/dist/js/bootstrap.min.js?:6:2777)
    at eval (webpack:///./node_modules/bootstrap/dist/js/bootstrap.min.js?:6:22)
    at eval (webpack:///./node_modules/bootstrap/dist/js/bootstrap.min.js?:6:137)
    at Object../node_modules/bootstrap/dist/js/bootstrap.min.js (__vue_ssr_bundle__:168:1)
    at __webpack_require__ (__vue_ssr_bundle__:23:30)
    at eval (webpack:///./app/web/page/index/index.vue?./node_modules/babel-loader/lib!./node_modules/vue-loader/lib/selector.js?type=script&index=0:4:92)
    at Object../node_modules/babel-loader/lib/index.js!./node_modules/vue-loader/lib/selector.js?type=script&index=0!./app/web/page/index/index.vue (__vue_ssr_bundle__:146:1)
    at __webpack_require__ (__vue_ssr_bundle__:23:30)
    at eval (webpack:///./app/web/page/index/index.vue?:2:138)
2018-05-02 17:49:37,268 ERROR 55920 [index/index.js] server render bundle error, try client render, the server render error TypeError: Cannot set property 'emulateTransitionEnd' of undefined
    at eval (webpack:///./node_modules/bootstrap/dist/js/bootstrap.min.js?:6:2617)
    at eval (webpack:///./node_modules/bootstrap/dist/js/bootstrap.min.js?:6:2777)
    at eval (webpack:///./node_modules/bootstrap/dist/js/bootstrap.min.js?:6:22)
    at eval (webpack:///./node_modules/bootstrap/dist/js/bootstrap.min.js?:6:137)
    at Object../node_modules/bootstrap/dist/js/bootstrap.min.js (__vue_ssr_bundle__:168:1)
    at __webpack_require__ (__vue_ssr_bundle__:23:30)
    at eval (webpack:///./app/web/page/index/index.vue?./node_modules/babel-loader/lib!./node_modules/vue-loader/lib/selector.js?type=script&index=0:4:92)
    at Object../node_modules/babel-loader/lib/index.js!./node_modules/vue-loader/lib/selector.js?type=script&index=0!./app/web/page/index/index.vue (__vue_ssr_bundle__:146:1)
    at __webpack_require__ (__vue_ssr_bundle__:23:30)
    at eval (webpack:///./app/web/page/index/index.vue?:2:138)
2018-05-02 17:49:37,600 ERROR 55920 [index/index.js] server render bundle error, try client render, the server render error TypeError: Cannot set property 'emulateTransitionEnd' of undefined
    at eval (webpack:///./node_modules/bootstrap/dist/js/bootstrap.min.js?:6:2617)
    at eval (webpack:///./node_modules/bootstrap/dist/js/bootstrap.min.js?:6:2777)
    at eval (webpack:///./node_modules/bootstrap/dist/js/bootstrap.min.js?:6:22)
    at eval (webpack:///./node_modules/bootstrap/dist/js/bootstrap.min.js?:6:137)
    at Object../node_modules/bootstrap/dist/js/bootstrap.min.js (__vue_ssr_bundle__:168:1)
    at __webpack_require__ (__vue_ssr_bundle__:23:30)
    at eval (webpack:///./app/web/page/index/index.vue?./node_modules/babel-loader/lib!./node_modules/vue-loader/lib/selector.js?type=script&index=0:4:92)
    at Object../node_modules/babel-loader/lib/index.js!./node_modules/vue-loader/lib/selector.js?type=script&index=0!./app/web/page/index/index.vue (__vue_ssr_bundle__:146:1)
    at __webpack_require__ (__vue_ssr_bundle__:23:30)
    at eval (webpack:///./app/web/page/index/index.vue?:2:138)
2018-05-02 17:50:39,342 ERROR 55920 [index/index.js] server render bundle error, try client render, the server render error TypeError: Cannot set property 'emulateTransitionEnd' of undefined
    at eval (webpack:///./node_modules/bootstrap/dist/js/bootstrap.min.js?:6:2617)
    at eval (webpack:///./node_modules/bootstrap/dist/js/bootstrap.min.js?:6:2777)
    at eval (webpack:///./node_modules/bootstrap/dist/js/bootstrap.min.js?:6:22)
    at eval (webpack:///./node_modules/bootstrap/dist/js/bootstrap.min.js?:6:137)
    at Object../node_modules/bootstrap/dist/js/bootstrap.min.js (__vue_ssr_bundle__:168:1)
    at __webpack_require__ (__vue_ssr_bundle__:23:30)
    at eval (webpack:///./app/web/page/index/index.vue?./node_modules/babel-loader/lib!./node_modules/vue-loader/lib/selector.js?type=script&index=0:4:92)
    at Object../node_modules/babel-loader/lib/index.js!./node_modules/vue-loader/lib/selector.js?type=script&index=0!./app/web/page/index/index.vue (__vue_ssr_bundle__:146:1)
    at __webpack_require__ (__vue_ssr_bundle__:23:30)
    at eval (webpack:///./app/web/page/index/index.vue?:2:138)
2018-05-02 17:52:33,218 ERROR 55920 [index/index.js] server render bundle error, try client render, the server render error TypeError: Cannot set property 'emulateTransitionEnd' of undefined
    at eval (webpack:///./node_modules/bootstrap/dist/js/bootstrap.min.js?:6:2617)
    at eval (webpack:///./node_modules/bootstrap/dist/js/bootstrap.min.js?:6:2777)
    at eval (webpack:///./node_modules/bootstrap/dist/js/bootstrap.min.js?:6:22)
    at eval (webpack:///./node_modules/bootstrap/dist/js/bootstrap.min.js?:6:137)
    at Object../node_modules/bootstrap/dist/js/bootstrap.min.js (__vue_ssr_bundle__:168:1)
    at __webpack_require__ (__vue_ssr_bundle__:23:30)
    at eval (webpack:///./app/web/page/index/index.vue?./node_modules/babel-loader/lib!./node_modules/vue-loader/lib/selector.js?type=script&index=0:4:92)
    at Object../node_modules/babel-loader/lib/index.js!./node_modules/vue-loader/lib/selector.js?type=script&index=0!./app/web/page/index/index.vue (__vue_ssr_bundle__:146:1)
    at __webpack_require__ (__vue_ssr_bundle__:23:30)
    at eval (webpack:///./app/web/page/index/index.vue?:2:138)
2018-05-02 17:52:34,241 ERROR 55920 [-/::1/-/1003ms GET /public/js/vendor.js] nodejs.ECONNREFUSEDError: connect ECONNREFUSED 127.0.0.1:9000
    at Object._errnoException (util.js:1031:13)
    at _exceptionWithHostPort (util.js:1052:20)
    at TCPConnectWrap.afterConnect [as oncomplete] (net.js:1195:14)
errno: 'ECONNREFUSED'
code: 'ECONNREFUSED'
syscall: 'connect'
address: '127.0.0.1'
port: 9000
name: 'ECONNREFUSEDError'
pid: 55920
hostname: YANGYULONG-DEV

2018-05-02 17:52:34,251 ERROR 55920 [-/::1/-/1011ms GET /public/js/index/index.js] nodejs.ECONNREFUSEDError: connect ECONNREFUSED 127.0.0.1:9000
    at Object._errnoException (util.js:1031:13)
    at _exceptionWithHostPort (util.js:1052:20)
    at TCPConnectWrap.afterConnect [as oncomplete] (net.js:1195:14)
errno: 'ECONNREFUSED'
code: 'ECONNREFUSED'
syscall: 'connect'
address: '127.0.0.1'
port: 9000
name: 'ECONNREFUSEDError'
pid: 55920
hostname: YANGYULONG-DEV

2018-05-02 17:52:41,032 ERROR 55920 [index/index.js] server render bundle error, try client render, the server render error TypeError: Cannot set property 'emulateTransitionEnd' of undefined
    at eval (webpack:///./node_modules/bootstrap/dist/js/bootstrap.min.js?:6:2617)
    at eval (webpack:///./node_modules/bootstrap/dist/js/bootstrap.min.js?:6:2777)
    at eval (webpack:///./node_modules/bootstrap/dist/js/bootstrap.min.js?:6:22)
    at eval (webpack:///./node_modules/bootstrap/dist/js/bootstrap.min.js?:6:137)
    at Object../node_modules/bootstrap/dist/js/bootstrap.min.js (__vue_ssr_bundle__:168:1)
    at __webpack_require__ (__vue_ssr_bundle__:23:30)
    at eval (webpack:///./app/web/page/index/index.vue?./node_modules/babel-loader/lib!./node_modules/vue-loader/lib/selector.js?type=script&index=0:4:92)
    at Object../node_modules/babel-loader/lib/index.js!./node_modules/vue-loader/lib/selector.js?type=script&index=0!./app/web/page/index/index.vue (__vue_ssr_bundle__:146:1)
    at __webpack_require__ (__vue_ssr_bundle__:23:30)
    at eval (webpack:///./app/web/page/index/index.vue?:2:138)
2018-05-02 17:52:42,060 ERROR 55920 [-/::1/-/1003ms GET /public/js/vendor.js] nodejs.ECONNREFUSEDError: connect ECONNREFUSED 127.0.0.1:9000
    at Object._errnoException (util.js:1031:13)
    at _exceptionWithHostPort (util.js:1052:20)
    at TCPConnectWrap.afterConnect [as oncomplete] (net.js:1195:14)
errno: 'ECONNREFUSED'
code: 'ECONNREFUSED'
syscall: 'connect'
address: '127.0.0.1'
port: 9000
name: 'ECONNREFUSEDError'
pid: 55920
hostname: YANGYULONG-DEV

2018-05-02 17:52:42,065 ERROR 55920 [-/::1/-/1004ms GET /public/js/index/index.js] nodejs.ECONNREFUSEDError: connect ECONNREFUSED 127.0.0.1:9000
    at Object._errnoException (util.js:1031:13)
    at _exceptionWithHostPort (util.js:1052:20)
    at TCPConnectWrap.afterConnect [as oncomplete] (net.js:1195:14)
errno: 'ECONNREFUSED'
code: 'ECONNREFUSED'
syscall: 'connect'
address: '127.0.0.1'
port: 9000
name: 'ECONNREFUSEDError'
pid: 55920
hostname: YANGYULONG-DEV

2018-05-02 17:52:46,789 ERROR 55920 [index/index.js] server render bundle error, try client render, the server render error TypeError: Cannot set property 'emulateTransitionEnd' of undefined
    at eval (webpack:///./node_modules/bootstrap/dist/js/bootstrap.min.js?:6:2617)
    at eval (webpack:///./node_modules/bootstrap/dist/js/bootstrap.min.js?:6:2777)
    at eval (webpack:///./node_modules/bootstrap/dist/js/bootstrap.min.js?:6:22)
    at eval (webpack:///./node_modules/bootstrap/dist/js/bootstrap.min.js?:6:137)
    at Object../node_modules/bootstrap/dist/js/bootstrap.min.js (__vue_ssr_bundle__:168:1)
    at __webpack_require__ (__vue_ssr_bundle__:23:30)
    at eval (webpack:///./app/web/page/index/index.vue?./node_modules/babel-loader/lib!./node_modules/vue-loader/lib/selector.js?type=script&index=0:4:92)
    at Object../node_modules/babel-loader/lib/index.js!./node_modules/vue-loader/lib/selector.js?type=script&index=0!./app/web/page/index/index.vue (__vue_ssr_bundle__:146:1)
    at __webpack_require__ (__vue_ssr_bundle__:23:30)
    at eval (webpack:///./app/web/page/index/index.vue?:2:138)
2018-05-02 17:52:47,803 ERROR 55920 [-/::1/-/1003ms GET /public/js/vendor.js] nodejs.ECONNREFUSEDError: connect ECONNREFUSED 127.0.0.1:9000
    at Object._errnoException (util.js:1031:13)
    at _exceptionWithHostPort (util.js:1052:20)
    at TCPConnectWrap.afterConnect [as oncomplete] (net.js:1195:14)
errno: 'ECONNREFUSED'
code: 'ECONNREFUSED'
syscall: 'connect'
address: '127.0.0.1'
port: 9000
name: 'ECONNREFUSEDError'
pid: 55920
hostname: YANGYULONG-DEV

2018-05-02 17:52:47,818 ERROR 55920 [-/::1/-/1017ms GET /public/js/index/index.js] nodejs.ECONNREFUSEDError: connect ECONNREFUSED 127.0.0.1:9000
    at Object._errnoException (util.js:1031:13)
    at _exceptionWithHostPort (util.js:1052:20)
    at TCPConnectWrap.afterConnect [as oncomplete] (net.js:1195:14)
errno: 'ECONNREFUSED'
code: 'ECONNREFUSED'
syscall: 'connect'
address: '127.0.0.1'
port: 9000
name: 'ECONNREFUSEDError'
pid: 55920
hostname: YANGYULONG-DEV

2018-05-02 17:53:13,885 ERROR 58264 [index/index.js] server render bundle error, try client render, the server render error TypeError: Cannot set property 'emulateTransitionEnd' of undefined
    at eval (webpack:///./node_modules/bootstrap/dist/js/bootstrap.min.js?:6:2617)
    at eval (webpack:///./node_modules/bootstrap/dist/js/bootstrap.min.js?:6:2777)
    at eval (webpack:///./node_modules/bootstrap/dist/js/bootstrap.min.js?:6:22)
    at eval (webpack:///./node_modules/bootstrap/dist/js/bootstrap.min.js?:6:137)
    at Object../node_modules/bootstrap/dist/js/bootstrap.min.js (__vue_ssr_bundle__:168:1)
    at __webpack_require__ (__vue_ssr_bundle__:23:30)
    at eval (webpack:///./app/web/page/index/index.vue?./node_modules/babel-loader/lib!./node_modules/vue-loader/lib/selector.js?type=script&index=0:4:92)
    at Object../node_modules/babel-loader/lib/index.js!./node_modules/vue-loader/lib/selector.js?type=script&index=0!./app/web/page/index/index.vue (__vue_ssr_bundle__:146:1)
    at __webpack_require__ (__vue_ssr_bundle__:23:30)
    at eval (webpack:///./app/web/page/index/index.vue?:2:138)
2018-05-02 17:53:17,453 ERROR 58264 [index/index.js] server render bundle error, try client render, the server render error TypeError: Cannot set property 'emulateTransitionEnd' of undefined
    at eval (webpack:///./node_modules/bootstrap/dist/js/bootstrap.min.js?:6:2617)
    at eval (webpack:///./node_modules/bootstrap/dist/js/bootstrap.min.js?:6:2777)
    at eval (webpack:///./node_modules/bootstrap/dist/js/bootstrap.min.js?:6:22)
    at eval (webpack:///./node_modules/bootstrap/dist/js/bootstrap.min.js?:6:137)
    at Object../node_modules/bootstrap/dist/js/bootstrap.min.js (__vue_ssr_bundle__:168:1)
    at __webpack_require__ (__vue_ssr_bundle__:23:30)
    at eval (webpack:///./app/web/page/index/index.vue?./node_modules/babel-loader/lib!./node_modules/vue-loader/lib/selector.js?type=script&index=0:4:92)
    at Object../node_modules/babel-loader/lib/index.js!./node_modules/vue-loader/lib/selector.js?type=script&index=0!./app/web/page/index/index.vue (__vue_ssr_bundle__:146:1)
    at __webpack_require__ (__vue_ssr_bundle__:23:30)
    at eval (webpack:///./app/web/page/index/index.vue?:2:138)
2018-05-02 17:53:18,946 ERROR 58264 [index/index.js] server render bundle error, try client render, the server render error TypeError: Cannot set property 'emulateTransitionEnd' of undefined
    at eval (webpack:///./node_modules/bootstrap/dist/js/bootstrap.min.js?:6:2617)
    at eval (webpack:///./node_modules/bootstrap/dist/js/bootstrap.min.js?:6:2777)
    at eval (webpack:///./node_modules/bootstrap/dist/js/bootstrap.min.js?:6:22)
    at eval (webpack:///./node_modules/bootstrap/dist/js/bootstrap.min.js?:6:137)
    at Object../node_modules/bootstrap/dist/js/bootstrap.min.js (__vue_ssr_bundle__:168:1)
    at __webpack_require__ (__vue_ssr_bundle__:23:30)
    at eval (webpack:///./app/web/page/index/index.vue?./node_modules/babel-loader/lib!./node_modules/vue-loader/lib/selector.js?type=script&index=0:4:92)
    at Object../node_modules/babel-loader/lib/index.js!./node_modules/vue-loader/lib/selector.js?type=script&index=0!./app/web/page/index/index.vue (__vue_ssr_bundle__:146:1)
    at __webpack_require__ (__vue_ssr_bundle__:23:30)
    at eval (webpack:///./app/web/page/index/index.vue?:2:138)
2018-05-02 17:53:19,550 ERROR 58264 [index/index.js] server render bundle error, try client render, the server render error TypeError: Cannot set property 'emulateTransitionEnd' of undefined
    at eval (webpack:///./node_modules/bootstrap/dist/js/bootstrap.min.js?:6:2617)
    at eval (webpack:///./node_modules/bootstrap/dist/js/bootstrap.min.js?:6:2777)
    at eval (webpack:///./node_modules/bootstrap/dist/js/bootstrap.min.js?:6:22)
    at eval (webpack:///./node_modules/bootstrap/dist/js/bootstrap.min.js?:6:137)
    at Object../node_modules/bootstrap/dist/js/bootstrap.min.js (__vue_ssr_bundle__:168:1)
    at __webpack_require__ (__vue_ssr_bundle__:23:30)
    at eval (webpack:///./app/web/page/index/index.vue?./node_modules/babel-loader/lib!./node_modules/vue-loader/lib/selector.js?type=script&index=0:4:92)
    at Object../node_modules/babel-loader/lib/index.js!./node_modules/vue-loader/lib/selector.js?type=script&index=0!./app/web/page/index/index.vue (__vue_ssr_bundle__:146:1)
    at __webpack_require__ (__vue_ssr_bundle__:23:30)
    at eval (webpack:///./app/web/page/index/index.vue?:2:138)
2018-05-02 17:53:20,018 ERROR 58264 [index/index.js] server render bundle error, try client render, the server render error TypeError: Cannot set property 'emulateTransitionEnd' of undefined
    at eval (webpack:///./node_modules/bootstrap/dist/js/bootstrap.min.js?:6:2617)
    at eval (webpack:///./node_modules/bootstrap/dist/js/bootstrap.min.js?:6:2777)
    at eval (webpack:///./node_modules/bootstrap/dist/js/bootstrap.min.js?:6:22)
    at eval (webpack:///./node_modules/bootstrap/dist/js/bootstrap.min.js?:6:137)
    at Object../node_modules/bootstrap/dist/js/bootstrap.min.js (__vue_ssr_bundle__:168:1)
    at __webpack_require__ (__vue_ssr_bundle__:23:30)
    at eval (webpack:///./app/web/page/index/index.vue?./node_modules/babel-loader/lib!./node_modules/vue-loader/lib/selector.js?type=script&index=0:4:92)
    at Object../node_modules/babel-loader/lib/index.js!./node_modules/vue-loader/lib/selector.js?type=script&index=0!./app/web/page/index/index.vue (__vue_ssr_bundle__:146:1)
    at __webpack_require__ (__vue_ssr_bundle__:23:30)
    at eval (webpack:///./app/web/page/index/index.vue?:2:138)
2018-05-02 17:53:20,468 ERROR 58264 [index/index.js] server render bundle error, try client render, the server render error TypeError: Cannot set property 'emulateTransitionEnd' of undefined
    at eval (webpack:///./node_modules/bootstrap/dist/js/bootstrap.min.js?:6:2617)
    at eval (webpack:///./node_modules/bootstrap/dist/js/bootstrap.min.js?:6:2777)
    at eval (webpack:///./node_modules/bootstrap/dist/js/bootstrap.min.js?:6:22)
    at eval (webpack:///./node_modules/bootstrap/dist/js/bootstrap.min.js?:6:137)
    at Object../node_modules/bootstrap/dist/js/bootstrap.min.js (__vue_ssr_bundle__:168:1)
    at __webpack_require__ (__vue_ssr_bundle__:23:30)
    at eval (webpack:///./app/web/page/index/index.vue?./node_modules/babel-loader/lib!./node_modules/vue-loader/lib/selector.js?type=script&index=0:4:92)
    at Object../node_modules/babel-loader/lib/index.js!./node_modules/vue-loader/lib/selector.js?type=script&index=0!./app/web/page/index/index.vue (__vue_ssr_bundle__:146:1)
    at __webpack_require__ (__vue_ssr_bundle__:23:30)
    at eval (webpack:///./app/web/page/index/index.vue?:2:138)
