2018-05-12 00:00:01,879 INFO 38956 [egg-logrotator] app logger reload: got log-reload message
2018-05-14 11:18:45,127 INFO 1244 [egg:logger] init all loggers with options: {"dir":"E:\\app\\logs","encoding":"utf8","env":"local","level":"INFO","consoleLevel":"DEBUG","disableConsoleAfterReady":false,"outputJSON":false,"buffer":true,"appLogName":"app-web.log","coreLogName":"egg-web.log","agentLogName":"egg-agent.log","errorLogName":"common-error.log","coreLogger":{"consoleLevel":"WARN"},"allowDebugAtProd":true,"type":"application"}
2018-05-14 11:18:45,194 INFO 1244 [egg-schedule]: register schedule E:\app\node_modules\egg-logrotator\app\schedule\clean_log.js
2018-05-14 11:18:45,194 INFO 1244 [egg-schedule]: register schedule E:\app\node_modules\egg-logrotator\app\schedule\rotate_by_file.js
2018-05-14 11:18:45,483 INFO 1244 [egg-static] starting static serve /public/ -> E:\app\public
2018-05-14 11:18:45,487 INFO 1244 [egg-security] use csrf middleware
2018-05-14 11:18:45,488 INFO 1244 [egg-security] use methodnoallow middleware
2018-05-14 11:18:45,489 INFO 1244 [egg-security] use noopen middleware
2018-05-14 11:18:45,490 INFO 1244 [egg-security] use nosniff middleware
2018-05-14 11:18:45,491 INFO 1244 [egg-security] use xssProtection middleware
2018-05-14 11:18:45,491 INFO 1244 [egg-security] use xframe middleware
2018-05-14 11:18:45,492 INFO 1244 [egg-security] use dta middleware
2018-05-14 11:18:45,492 INFO 1244 [egg-security] compose 7 middlewares into one security middleware
2018-05-14 11:18:45,582 INFO 1244 [egg-watcher:app] watcher start success
2018-05-14 11:23:11,298 INFO 20628 [egg:logger] init all loggers with options: {"dir":"E:\\app\\logs","encoding":"utf8","env":"local","level":"INFO","consoleLevel":"DEBUG","disableConsoleAfterReady":false,"outputJSON":false,"buffer":true,"appLogName":"app-web.log","coreLogName":"egg-web.log","agentLogName":"egg-agent.log","errorLogName":"common-error.log","coreLogger":{"consoleLevel":"WARN"},"allowDebugAtProd":true,"type":"application"}
2018-05-14 11:23:11,337 INFO 20628 [egg-schedule]: register schedule E:\app\node_modules\egg-logrotator\app\schedule\clean_log.js
2018-05-14 11:23:11,337 INFO 20628 [egg-schedule]: register schedule E:\app\node_modules\egg-logrotator\app\schedule\rotate_by_file.js
2018-05-14 11:23:11,628 INFO 20628 [egg-static] starting static serve /public/ -> E:\app\public
2018-05-14 11:23:11,631 INFO 20628 [egg-security] use csrf middleware
2018-05-14 11:23:11,632 INFO 20628 [egg-security] use methodnoallow middleware
2018-05-14 11:23:11,632 INFO 20628 [egg-security] use noopen middleware
2018-05-14 11:23:11,633 INFO 20628 [egg-security] use nosniff middleware
2018-05-14 11:23:11,634 INFO 20628 [egg-security] use xssProtection middleware
2018-05-14 11:23:11,634 INFO 20628 [egg-security] use xframe middleware
2018-05-14 11:23:11,635 INFO 20628 [egg-security] use dta middleware
2018-05-14 11:23:11,635 INFO 20628 [egg-security] compose 7 middlewares into one security middleware
2018-05-14 11:23:11,810 INFO 20628 [egg-watcher:app] watcher start success
2018-05-14 13:59:28,405 INFO 5964 [egg:logger] init all loggers with options: {"dir":"E:\\app\\logs","encoding":"utf8","env":"local","level":"INFO","consoleLevel":"DEBUG","disableConsoleAfterReady":false,"outputJSON":false,"buffer":true,"appLogName":"app-web.log","coreLogName":"egg-web.log","agentLogName":"egg-agent.log","errorLogName":"common-error.log","coreLogger":{"consoleLevel":"WARN"},"allowDebugAtProd":true,"type":"application"}
2018-05-14 13:59:28,448 INFO 5964 [egg-schedule]: register schedule E:\app\node_modules\egg-logrotator\app\schedule\clean_log.js
2018-05-14 13:59:28,448 INFO 5964 [egg-schedule]: register schedule E:\app\node_modules\egg-logrotator\app\schedule\rotate_by_file.js
2018-05-14 13:59:28,725 INFO 5964 [egg-static] starting static serve /public/ -> E:\app\public
2018-05-14 13:59:28,728 INFO 5964 [egg-security] use csrf middleware
2018-05-14 13:59:28,729 INFO 5964 [egg-security] use methodnoallow middleware
2018-05-14 13:59:28,729 INFO 5964 [egg-security] use noopen middleware
2018-05-14 13:59:28,730 INFO 5964 [egg-security] use nosniff middleware
2018-05-14 13:59:28,730 INFO 5964 [egg-security] use xssProtection middleware
2018-05-14 13:59:28,731 INFO 5964 [egg-security] use xframe middleware
2018-05-14 13:59:28,731 INFO 5964 [egg-security] use dta middleware
2018-05-14 13:59:28,731 INFO 5964 [egg-security] compose 7 middlewares into one security middleware
2018-05-14 13:59:28,803 INFO 5964 [egg-watcher:app] watcher start success
2018-05-14 13:59:29,718 INFO 18540 [egg:logger] init all loggers with options: {"dir":"E:\\app\\logs","encoding":"utf8","env":"local","level":"INFO","consoleLevel":"DEBUG","disableConsoleAfterReady":false,"outputJSON":false,"buffer":true,"appLogName":"app-web.log","coreLogName":"egg-web.log","agentLogName":"egg-agent.log","errorLogName":"common-error.log","coreLogger":{"consoleLevel":"WARN"},"allowDebugAtProd":true,"type":"application"}
2018-05-14 13:59:29,756 INFO 18540 [egg-schedule]: register schedule E:\app\node_modules\egg-logrotator\app\schedule\clean_log.js
2018-05-14 13:59:29,756 INFO 18540 [egg-schedule]: register schedule E:\app\node_modules\egg-logrotator\app\schedule\rotate_by_file.js
2018-05-14 13:59:30,010 INFO 18540 [egg-static] starting static serve /public/ -> E:\app\public
2018-05-14 13:59:30,013 INFO 18540 [egg-security] use csrf middleware
2018-05-14 13:59:30,014 INFO 18540 [egg-security] use methodnoallow middleware
2018-05-14 13:59:30,014 INFO 18540 [egg-security] use noopen middleware
2018-05-14 13:59:30,015 INFO 18540 [egg-security] use nosniff middleware
2018-05-14 13:59:30,015 INFO 18540 [egg-security] use xssProtection middleware
2018-05-14 13:59:30,016 INFO 18540 [egg-security] use xframe middleware
2018-05-14 13:59:30,017 INFO 18540 [egg-security] use dta middleware
2018-05-14 13:59:30,017 INFO 18540 [egg-security] compose 7 middlewares into one security middleware
2018-05-14 13:59:30,067 INFO 18540 [egg-watcher:app] watcher start success
2018-05-14 14:09:36,121 INFO 21536 [egg:logger] init all loggers with options: {"dir":"E:\\app\\logs","encoding":"utf8","env":"local","level":"INFO","consoleLevel":"DEBUG","disableConsoleAfterReady":false,"outputJSON":false,"buffer":true,"appLogName":"app-web.log","coreLogName":"egg-web.log","agentLogName":"egg-agent.log","errorLogName":"common-error.log","coreLogger":{"consoleLevel":"WARN"},"allowDebugAtProd":true,"type":"application"}
2018-05-14 14:09:36,164 INFO 21536 [egg-schedule]: register schedule E:\app\node_modules\egg-logrotator\app\schedule\clean_log.js
2018-05-14 14:09:36,164 INFO 21536 [egg-schedule]: register schedule E:\app\node_modules\egg-logrotator\app\schedule\rotate_by_file.js
2018-05-14 14:09:36,464 INFO 21536 [egg-static] starting static serve /public/ -> E:\app\public
2018-05-14 14:09:36,467 INFO 21536 [egg-security] use csrf middleware
2018-05-14 14:09:36,469 INFO 21536 [egg-security] use methodnoallow middleware
2018-05-14 14:09:36,469 INFO 21536 [egg-security] use noopen middleware
2018-05-14 14:09:36,470 INFO 21536 [egg-security] use nosniff middleware
2018-05-14 14:09:36,471 INFO 21536 [egg-security] use xssProtection middleware
2018-05-14 14:09:36,471 INFO 21536 [egg-security] use xframe middleware
2018-05-14 14:09:36,472 INFO 21536 [egg-security] use dta middleware
2018-05-14 14:09:36,472 INFO 21536 [egg-security] compose 7 middlewares into one security middleware
2018-05-14 14:09:37,080 INFO 21536 [egg-watcher:app] watcher start success
2018-05-14 14:09:38,212 INFO 21688 [egg:logger] init all loggers with options: {"dir":"E:\\app\\logs","encoding":"utf8","env":"local","level":"INFO","consoleLevel":"DEBUG","disableConsoleAfterReady":false,"outputJSON":false,"buffer":true,"appLogName":"app-web.log","coreLogName":"egg-web.log","agentLogName":"egg-agent.log","errorLogName":"common-error.log","coreLogger":{"consoleLevel":"WARN"},"allowDebugAtProd":true,"type":"application"}
2018-05-14 14:09:38,251 INFO 21688 [egg-schedule]: register schedule E:\app\node_modules\egg-logrotator\app\schedule\clean_log.js
2018-05-14 14:09:38,251 INFO 21688 [egg-schedule]: register schedule E:\app\node_modules\egg-logrotator\app\schedule\rotate_by_file.js
2018-05-14 14:09:38,489 INFO 21688 [egg-static] starting static serve /public/ -> E:\app\public
2018-05-14 14:09:38,492 INFO 21688 [egg-security] use csrf middleware
2018-05-14 14:09:38,493 INFO 21688 [egg-security] use methodnoallow middleware
2018-05-14 14:09:38,494 INFO 21688 [egg-security] use noopen middleware
2018-05-14 14:09:38,494 INFO 21688 [egg-security] use nosniff middleware
2018-05-14 14:09:38,495 INFO 21688 [egg-security] use xssProtection middleware
2018-05-14 14:09:38,495 INFO 21688 [egg-security] use xframe middleware
2018-05-14 14:09:38,496 INFO 21688 [egg-security] use dta middleware
2018-05-14 14:09:38,496 INFO 21688 [egg-security] compose 7 middlewares into one security middleware
2018-05-14 14:09:38,720 INFO 21688 [egg-watcher:app] watcher start success
2018-05-14 15:04:26,931 INFO 13412 [egg:logger] init all loggers with options: {"dir":"E:\\app\\logs","encoding":"utf8","env":"local","level":"INFO","consoleLevel":"DEBUG","disableConsoleAfterReady":false,"outputJSON":false,"buffer":true,"appLogName":"app-web.log","coreLogName":"egg-web.log","agentLogName":"egg-agent.log","errorLogName":"common-error.log","coreLogger":{"consoleLevel":"WARN"},"allowDebugAtProd":true,"type":"application"}
2018-05-14 15:04:26,969 INFO 13412 [egg-schedule]: register schedule E:\app\node_modules\egg-logrotator\app\schedule\clean_log.js
2018-05-14 15:04:26,969 INFO 13412 [egg-schedule]: register schedule E:\app\node_modules\egg-logrotator\app\schedule\rotate_by_file.js
2018-05-14 15:04:27,302 INFO 13412 [egg-static] starting static serve /public/ -> E:\app\public
2018-05-14 15:04:27,305 INFO 13412 [egg-security] use csrf middleware
2018-05-14 15:04:27,306 INFO 13412 [egg-security] use methodnoallow middleware
2018-05-14 15:04:27,306 INFO 13412 [egg-security] use noopen middleware
2018-05-14 15:04:27,307 INFO 13412 [egg-security] use nosniff middleware
2018-05-14 15:04:27,307 INFO 13412 [egg-security] use xssProtection middleware
2018-05-14 15:04:27,311 INFO 13412 [egg-security] use xframe middleware
2018-05-14 15:04:27,311 INFO 13412 [egg-security] use dta middleware
2018-05-14 15:04:27,311 INFO 13412 [egg-security] compose 7 middlewares into one security middleware
2018-05-14 15:04:27,407 INFO 13412 [egg-watcher:app] watcher start success
2018-05-14 15:04:28,370 INFO 18192 [egg:logger] init all loggers with options: {"dir":"E:\\app\\logs","encoding":"utf8","env":"local","level":"INFO","consoleLevel":"DEBUG","disableConsoleAfterReady":false,"outputJSON":false,"buffer":true,"appLogName":"app-web.log","coreLogName":"egg-web.log","agentLogName":"egg-agent.log","errorLogName":"common-error.log","coreLogger":{"consoleLevel":"WARN"},"allowDebugAtProd":true,"type":"application"}
2018-05-14 15:04:28,410 INFO 18192 [egg-schedule]: register schedule E:\app\node_modules\egg-logrotator\app\schedule\clean_log.js
2018-05-14 15:04:28,410 INFO 18192 [egg-schedule]: register schedule E:\app\node_modules\egg-logrotator\app\schedule\rotate_by_file.js
2018-05-14 15:04:28,643 INFO 18192 [egg-static] starting static serve /public/ -> E:\app\public
2018-05-14 15:04:28,646 INFO 18192 [egg-security] use csrf middleware
2018-05-14 15:04:28,648 INFO 18192 [egg-security] use methodnoallow middleware
2018-05-14 15:04:28,648 INFO 18192 [egg-security] use noopen middleware
2018-05-14 15:04:28,649 INFO 18192 [egg-security] use nosniff middleware
2018-05-14 15:04:28,649 INFO 18192 [egg-security] use xssProtection middleware
2018-05-14 15:04:28,650 INFO 18192 [egg-security] use xframe middleware
2018-05-14 15:04:28,650 INFO 18192 [egg-security] use dta middleware
2018-05-14 15:04:28,650 INFO 18192 [egg-security] compose 7 middlewares into one security middleware
2018-05-14 15:04:28,698 INFO 18192 [egg-watcher:app] watcher start success
2018-05-14 15:14:45,654 INFO 24264 [egg:logger] init all loggers with options: {"dir":"E:\\app\\logs","encoding":"utf8","env":"local","level":"INFO","consoleLevel":"DEBUG","disableConsoleAfterReady":false,"outputJSON":false,"buffer":true,"appLogName":"app-web.log","coreLogName":"egg-web.log","agentLogName":"egg-agent.log","errorLogName":"common-error.log","coreLogger":{"consoleLevel":"WARN"},"allowDebugAtProd":true,"type":"application"}
2018-05-14 15:14:45,691 INFO 24264 [egg-schedule]: register schedule E:\app\node_modules\egg-logrotator\app\schedule\clean_log.js
2018-05-14 15:14:45,691 INFO 24264 [egg-schedule]: register schedule E:\app\node_modules\egg-logrotator\app\schedule\rotate_by_file.js
2018-05-14 15:14:45,924 INFO 24264 [egg-static] starting static serve /public/ -> E:\app\public
2018-05-14 15:14:45,926 INFO 24264 [egg-security] use csrf middleware
2018-05-14 15:14:45,927 INFO 24264 [egg-security] use methodnoallow middleware
2018-05-14 15:14:45,928 INFO 24264 [egg-security] use noopen middleware
2018-05-14 15:14:45,928 INFO 24264 [egg-security] use nosniff middleware
2018-05-14 15:14:45,929 INFO 24264 [egg-security] use xssProtection middleware
2018-05-14 15:14:45,930 INFO 24264 [egg-security] use xframe middleware
2018-05-14 15:14:45,930 INFO 24264 [egg-security] use dta middleware
2018-05-14 15:14:45,931 INFO 24264 [egg-security] compose 7 middlewares into one security middleware
2018-05-14 15:14:46,004 INFO 24264 [egg-watcher:app] watcher start success
2018-05-14 15:18:30,827 INFO 16092 [egg:logger] init all loggers with options: {"dir":"E:\\app\\logs","encoding":"utf8","env":"local","level":"INFO","consoleLevel":"DEBUG","disableConsoleAfterReady":false,"outputJSON":false,"buffer":true,"appLogName":"app-web.log","coreLogName":"egg-web.log","agentLogName":"egg-agent.log","errorLogName":"common-error.log","coreLogger":{"consoleLevel":"WARN"},"allowDebugAtProd":true,"type":"application"}
2018-05-14 15:18:30,863 INFO 16092 [egg-schedule]: register schedule E:\app\node_modules\egg-logrotator\app\schedule\clean_log.js
2018-05-14 15:18:30,863 INFO 16092 [egg-schedule]: register schedule E:\app\node_modules\egg-logrotator\app\schedule\rotate_by_file.js
2018-05-14 15:18:31,101 INFO 16092 [egg-static] starting static serve /public/ -> E:\app\public
2018-05-14 15:18:31,105 INFO 16092 [egg-security] use csrf middleware
2018-05-14 15:18:31,106 INFO 16092 [egg-security] use methodnoallow middleware
2018-05-14 15:18:31,107 INFO 16092 [egg-security] use noopen middleware
2018-05-14 15:18:31,107 INFO 16092 [egg-security] use nosniff middleware
2018-05-14 15:18:31,108 INFO 16092 [egg-security] use xssProtection middleware
2018-05-14 15:18:31,109 INFO 16092 [egg-security] use xframe middleware
2018-05-14 15:18:31,109 INFO 16092 [egg-security] use dta middleware
2018-05-14 15:18:31,109 INFO 16092 [egg-security] compose 7 middlewares into one security middleware
2018-05-14 15:18:31,186 INFO 16092 [egg-watcher:app] watcher start success
2018-05-14 15:20:59,385 INFO 21784 [egg:logger] init all loggers with options: {"dir":"E:\\app\\logs","encoding":"utf8","env":"local","level":"INFO","consoleLevel":"DEBUG","disableConsoleAfterReady":false,"outputJSON":false,"buffer":true,"appLogName":"app-web.log","coreLogName":"egg-web.log","agentLogName":"egg-agent.log","errorLogName":"common-error.log","coreLogger":{"consoleLevel":"WARN"},"allowDebugAtProd":true,"type":"application"}
2018-05-14 15:20:59,421 INFO 21784 [egg-schedule]: register schedule E:\app\node_modules\egg-logrotator\app\schedule\clean_log.js
2018-05-14 15:20:59,421 INFO 21784 [egg-schedule]: register schedule E:\app\node_modules\egg-logrotator\app\schedule\rotate_by_file.js
2018-05-14 15:20:59,657 INFO 21784 [egg-static] starting static serve /public/ -> E:\app\public
2018-05-14 15:20:59,660 INFO 21784 [egg-security] use csrf middleware
2018-05-14 15:20:59,661 INFO 21784 [egg-security] use methodnoallow middleware
2018-05-14 15:20:59,661 INFO 21784 [egg-security] use noopen middleware
2018-05-14 15:20:59,662 INFO 21784 [egg-security] use nosniff middleware
2018-05-14 15:20:59,662 INFO 21784 [egg-security] use xssProtection middleware
2018-05-14 15:20:59,663 INFO 21784 [egg-security] use xframe middleware
2018-05-14 15:20:59,663 INFO 21784 [egg-security] use dta middleware
2018-05-14 15:20:59,663 INFO 21784 [egg-security] compose 7 middlewares into one security middleware
2018-05-14 15:20:59,713 INFO 21784 [egg-watcher:app] watcher start success
2018-05-14 15:25:33,800 INFO 26784 [egg:logger] init all loggers with options: {"dir":"E:\\app\\logs","encoding":"utf8","env":"local","level":"INFO","consoleLevel":"DEBUG","disableConsoleAfterReady":false,"outputJSON":false,"buffer":true,"appLogName":"app-web.log","coreLogName":"egg-web.log","agentLogName":"egg-agent.log","errorLogName":"common-error.log","coreLogger":{"consoleLevel":"WARN"},"allowDebugAtProd":true,"type":"application"}
2018-05-14 15:25:33,837 INFO 26784 [egg-schedule]: register schedule E:\app\node_modules\egg-logrotator\app\schedule\clean_log.js
2018-05-14 15:25:33,837 INFO 26784 [egg-schedule]: register schedule E:\app\node_modules\egg-logrotator\app\schedule\rotate_by_file.js
2018-05-14 15:25:34,087 INFO 26784 [egg-static] starting static serve /public/ -> E:\app\public
2018-05-14 15:25:34,090 INFO 26784 [egg-security] use csrf middleware
2018-05-14 15:25:34,091 INFO 26784 [egg-security] use methodnoallow middleware
2018-05-14 15:25:34,091 INFO 26784 [egg-security] use noopen middleware
2018-05-14 15:25:34,092 INFO 26784 [egg-security] use nosniff middleware
2018-05-14 15:25:34,092 INFO 26784 [egg-security] use xssProtection middleware
2018-05-14 15:25:34,093 INFO 26784 [egg-security] use xframe middleware
2018-05-14 15:25:34,093 INFO 26784 [egg-security] use dta middleware
2018-05-14 15:25:34,093 INFO 26784 [egg-security] compose 7 middlewares into one security middleware
2018-05-14 15:25:34,180 INFO 26784 [egg-watcher:app] watcher start success
2018-05-14 15:34:58,903 INFO 14264 [egg:logger] init all loggers with options: {"dir":"E:\\app\\logs","encoding":"utf8","env":"local","level":"INFO","consoleLevel":"DEBUG","disableConsoleAfterReady":false,"outputJSON":false,"buffer":true,"appLogName":"app-web.log","coreLogName":"egg-web.log","agentLogName":"egg-agent.log","errorLogName":"common-error.log","coreLogger":{"consoleLevel":"WARN"},"allowDebugAtProd":true,"type":"application"}
2018-05-14 15:34:58,940 INFO 14264 [egg-schedule]: register schedule E:\app\node_modules\egg-logrotator\app\schedule\clean_log.js
2018-05-14 15:34:58,940 INFO 14264 [egg-schedule]: register schedule E:\app\node_modules\egg-logrotator\app\schedule\rotate_by_file.js
2018-05-14 15:34:59,192 INFO 14264 [egg-static] starting static serve /public/ -> E:\app\public
2018-05-14 15:34:59,196 INFO 14264 [egg-security] use csrf middleware
2018-05-14 15:34:59,197 INFO 14264 [egg-security] use methodnoallow middleware
2018-05-14 15:34:59,197 INFO 14264 [egg-security] use noopen middleware
2018-05-14 15:34:59,198 INFO 14264 [egg-security] use nosniff middleware
2018-05-14 15:34:59,198 INFO 14264 [egg-security] use xssProtection middleware
2018-05-14 15:34:59,199 INFO 14264 [egg-security] use xframe middleware
2018-05-14 15:34:59,199 INFO 14264 [egg-security] use dta middleware
2018-05-14 15:34:59,199 INFO 14264 [egg-security] compose 7 middlewares into one security middleware
2018-05-14 15:34:59,322 INFO 14264 [egg-watcher:app] watcher start success
2018-05-14 15:40:31,778 INFO 27596 [egg:logger] init all loggers with options: {"dir":"E:\\app\\logs","encoding":"utf8","env":"local","level":"INFO","consoleLevel":"DEBUG","disableConsoleAfterReady":false,"outputJSON":false,"buffer":true,"appLogName":"app-web.log","coreLogName":"egg-web.log","agentLogName":"egg-agent.log","errorLogName":"common-error.log","coreLogger":{"consoleLevel":"WARN"},"allowDebugAtProd":true,"type":"application"}
2018-05-14 15:40:31,817 INFO 27596 [egg-schedule]: register schedule E:\app\node_modules\egg-logrotator\app\schedule\clean_log.js
2018-05-14 15:40:31,817 INFO 27596 [egg-schedule]: register schedule E:\app\node_modules\egg-logrotator\app\schedule\rotate_by_file.js
2018-05-14 15:40:32,074 INFO 27596 [egg-static] starting static serve /public/ -> E:\app\public
2018-05-14 15:40:32,077 INFO 27596 [egg-security] use csrf middleware
2018-05-14 15:40:32,078 INFO 27596 [egg-security] use methodnoallow middleware
2018-05-14 15:40:32,078 INFO 27596 [egg-security] use noopen middleware
2018-05-14 15:40:32,079 INFO 27596 [egg-security] use nosniff middleware
2018-05-14 15:40:32,079 INFO 27596 [egg-security] use xssProtection middleware
2018-05-14 15:40:32,080 INFO 27596 [egg-security] use xframe middleware
2018-05-14 15:40:32,081 INFO 27596 [egg-security] use dta middleware
2018-05-14 15:40:32,081 INFO 27596 [egg-security] compose 7 middlewares into one security middleware
2018-05-14 15:40:32,315 INFO 27596 [egg-watcher:app] watcher start success
2018-05-14 15:47:26,263 INFO 27272 [egg:logger] init all loggers with options: {"dir":"E:\\app\\logs","encoding":"utf8","env":"local","level":"INFO","consoleLevel":"DEBUG","disableConsoleAfterReady":false,"outputJSON":false,"buffer":true,"appLogName":"app-web.log","coreLogName":"egg-web.log","agentLogName":"egg-agent.log","errorLogName":"common-error.log","coreLogger":{"consoleLevel":"WARN"},"allowDebugAtProd":true,"type":"application"}
2018-05-14 15:47:26,302 INFO 27272 [egg-schedule]: register schedule E:\app\node_modules\egg-logrotator\app\schedule\clean_log.js
2018-05-14 15:47:26,302 INFO 27272 [egg-schedule]: register schedule E:\app\node_modules\egg-logrotator\app\schedule\rotate_by_file.js
2018-05-14 15:47:26,541 INFO 27272 [egg-static] starting static serve /public/ -> E:\app\public
2018-05-14 15:47:26,543 INFO 27272 [egg-security] use csrf middleware
2018-05-14 15:47:26,544 INFO 27272 [egg-security] use methodnoallow middleware
2018-05-14 15:47:26,545 INFO 27272 [egg-security] use noopen middleware
2018-05-14 15:47:26,545 INFO 27272 [egg-security] use nosniff middleware
2018-05-14 15:47:26,546 INFO 27272 [egg-security] use xssProtection middleware
2018-05-14 15:47:26,546 INFO 27272 [egg-security] use xframe middleware
2018-05-14 15:47:26,547 INFO 27272 [egg-security] use dta middleware
2018-05-14 15:47:26,547 INFO 27272 [egg-security] compose 7 middlewares into one security middleware
2018-05-14 15:47:26,624 INFO 27272 [egg-watcher:app] watcher start success
2018-05-14 15:49:24,732 INFO 14824 [egg:logger] init all loggers with options: {"dir":"E:\\app\\logs","encoding":"utf8","env":"local","level":"INFO","consoleLevel":"DEBUG","disableConsoleAfterReady":false,"outputJSON":false,"buffer":true,"appLogName":"app-web.log","coreLogName":"egg-web.log","agentLogName":"egg-agent.log","errorLogName":"common-error.log","coreLogger":{"consoleLevel":"WARN"},"allowDebugAtProd":true,"type":"application"}
2018-05-14 15:49:24,769 INFO 14824 [egg-schedule]: register schedule E:\app\node_modules\egg-logrotator\app\schedule\clean_log.js
2018-05-14 15:49:24,769 INFO 14824 [egg-schedule]: register schedule E:\app\node_modules\egg-logrotator\app\schedule\rotate_by_file.js
2018-05-14 15:49:25,009 INFO 14824 [egg-static] starting static serve /public/ -> E:\app\public
2018-05-14 15:49:25,012 INFO 14824 [egg-security] use csrf middleware
2018-05-14 15:49:25,013 INFO 14824 [egg-security] use methodnoallow middleware
2018-05-14 15:49:25,014 INFO 14824 [egg-security] use noopen middleware
2018-05-14 15:49:25,014 INFO 14824 [egg-security] use nosniff middleware
2018-05-14 15:49:25,015 INFO 14824 [egg-security] use xssProtection middleware
2018-05-14 15:49:25,015 INFO 14824 [egg-security] use xframe middleware
2018-05-14 15:49:25,016 INFO 14824 [egg-security] use dta middleware
2018-05-14 15:49:25,016 INFO 14824 [egg-security] compose 7 middlewares into one security middleware
2018-05-14 15:49:25,066 INFO 14824 [egg-watcher:app] watcher start success
2018-05-14 15:51:05,816 INFO 6240 [egg:logger] init all loggers with options: {"dir":"E:\\app\\logs","encoding":"utf8","env":"local","level":"INFO","consoleLevel":"DEBUG","disableConsoleAfterReady":false,"outputJSON":false,"buffer":true,"appLogName":"app-web.log","coreLogName":"egg-web.log","agentLogName":"egg-agent.log","errorLogName":"common-error.log","coreLogger":{"consoleLevel":"WARN"},"allowDebugAtProd":true,"type":"application"}
2018-05-14 15:51:05,854 INFO 6240 [egg-schedule]: register schedule E:\app\node_modules\egg-logrotator\app\schedule\clean_log.js
2018-05-14 15:51:05,854 INFO 6240 [egg-schedule]: register schedule E:\app\node_modules\egg-logrotator\app\schedule\rotate_by_file.js
2018-05-14 15:51:06,090 INFO 6240 [egg-static] starting static serve /public/ -> E:\app\public
2018-05-14 15:51:06,093 INFO 6240 [egg-security] use csrf middleware
2018-05-14 15:51:06,094 INFO 6240 [egg-security] use methodnoallow middleware
2018-05-14 15:51:06,094 INFO 6240 [egg-security] use noopen middleware
2018-05-14 15:51:06,095 INFO 6240 [egg-security] use nosniff middleware
2018-05-14 15:51:06,096 INFO 6240 [egg-security] use xssProtection middleware
2018-05-14 15:51:06,096 INFO 6240 [egg-security] use xframe middleware
2018-05-14 15:51:06,097 INFO 6240 [egg-security] use dta middleware
2018-05-14 15:51:06,097 INFO 6240 [egg-security] compose 7 middlewares into one security middleware
2018-05-14 15:51:06,149 INFO 6240 [egg-watcher:app] watcher start success
2018-05-14 15:53:29,103 INFO 18856 [egg:logger] init all loggers with options: {"dir":"E:\\app\\logs","encoding":"utf8","env":"local","level":"INFO","consoleLevel":"DEBUG","disableConsoleAfterReady":false,"outputJSON":false,"buffer":true,"appLogName":"app-web.log","coreLogName":"egg-web.log","agentLogName":"egg-agent.log","errorLogName":"common-error.log","coreLogger":{"consoleLevel":"WARN"},"allowDebugAtProd":true,"type":"application"}
2018-05-14 15:53:29,139 INFO 18856 [egg-schedule]: register schedule E:\app\node_modules\egg-logrotator\app\schedule\clean_log.js
2018-05-14 15:53:29,140 INFO 18856 [egg-schedule]: register schedule E:\app\node_modules\egg-logrotator\app\schedule\rotate_by_file.js
2018-05-14 15:53:29,365 INFO 18856 [egg-static] starting static serve /public/ -> E:\app\public
2018-05-14 15:53:29,368 INFO 18856 [egg-security] use csrf middleware
2018-05-14 15:53:29,369 INFO 18856 [egg-security] use methodnoallow middleware
2018-05-14 15:53:29,370 INFO 18856 [egg-security] use noopen middleware
2018-05-14 15:53:29,370 INFO 18856 [egg-security] use nosniff middleware
2018-05-14 15:53:29,371 INFO 18856 [egg-security] use xssProtection middleware
2018-05-14 15:53:29,371 INFO 18856 [egg-security] use xframe middleware
2018-05-14 15:53:29,372 INFO 18856 [egg-security] use dta middleware
2018-05-14 15:53:29,372 INFO 18856 [egg-security] compose 7 middlewares into one security middleware
2018-05-14 15:53:29,420 INFO 18856 [egg-watcher:app] watcher start success
2018-05-14 15:54:01,635 INFO 28464 [egg:logger] init all loggers with options: {"dir":"E:\\app\\logs","encoding":"utf8","env":"local","level":"INFO","consoleLevel":"DEBUG","disableConsoleAfterReady":false,"outputJSON":false,"buffer":true,"appLogName":"app-web.log","coreLogName":"egg-web.log","agentLogName":"egg-agent.log","errorLogName":"common-error.log","coreLogger":{"consoleLevel":"WARN"},"allowDebugAtProd":true,"type":"application"}
2018-05-14 15:54:01,674 INFO 28464 [egg-schedule]: register schedule E:\app\node_modules\egg-logrotator\app\schedule\clean_log.js
2018-05-14 15:54:01,674 INFO 28464 [egg-schedule]: register schedule E:\app\node_modules\egg-logrotator\app\schedule\rotate_by_file.js
2018-05-14 15:54:01,932 INFO 28464 [egg-static] starting static serve /public/ -> E:\app\public
2018-05-14 15:54:01,934 INFO 28464 [egg-security] use csrf middleware
2018-05-14 15:54:01,935 INFO 28464 [egg-security] use methodnoallow middleware
2018-05-14 15:54:01,936 INFO 28464 [egg-security] use noopen middleware
2018-05-14 15:54:01,936 INFO 28464 [egg-security] use nosniff middleware
2018-05-14 15:54:01,937 INFO 28464 [egg-security] use xssProtection middleware
2018-05-14 15:54:01,938 INFO 28464 [egg-security] use xframe middleware
2018-05-14 15:54:01,938 INFO 28464 [egg-security] use dta middleware
2018-05-14 15:54:01,938 INFO 28464 [egg-security] compose 7 middlewares into one security middleware
2018-05-14 15:54:01,984 INFO 28464 [egg-watcher:app] watcher start success
2018-05-14 15:58:12,021 INFO 11360 [egg:logger] init all loggers with options: {"dir":"E:\\app\\logs","encoding":"utf8","env":"local","level":"INFO","consoleLevel":"DEBUG","disableConsoleAfterReady":false,"outputJSON":false,"buffer":true,"appLogName":"app-web.log","coreLogName":"egg-web.log","agentLogName":"egg-agent.log","errorLogName":"common-error.log","coreLogger":{"consoleLevel":"WARN"},"allowDebugAtProd":true,"type":"application"}
2018-05-14 15:58:12,058 INFO 11360 [egg-schedule]: register schedule E:\app\node_modules\egg-logrotator\app\schedule\clean_log.js
2018-05-14 15:58:12,058 INFO 11360 [egg-schedule]: register schedule E:\app\node_modules\egg-logrotator\app\schedule\rotate_by_file.js
2018-05-14 15:58:12,298 INFO 11360 [egg-static] starting static serve /public/ -> E:\app\public
2018-05-14 15:58:12,301 INFO 11360 [egg-security] use csrf middleware
2018-05-14 15:58:12,302 INFO 11360 [egg-security] use methodnoallow middleware
2018-05-14 15:58:12,303 INFO 11360 [egg-security] use noopen middleware
2018-05-14 15:58:12,303 INFO 11360 [egg-security] use nosniff middleware
2018-05-14 15:58:12,304 INFO 11360 [egg-security] use xssProtection middleware
2018-05-14 15:58:12,305 INFO 11360 [egg-security] use xframe middleware
2018-05-14 15:58:12,305 INFO 11360 [egg-security] use dta middleware
2018-05-14 15:58:12,305 INFO 11360 [egg-security] compose 7 middlewares into one security middleware
2018-05-14 15:58:12,354 INFO 11360 [egg-watcher:app] watcher start success
2018-05-14 15:59:38,247 INFO 21768 [egg:logger] init all loggers with options: {"dir":"E:\\app\\logs","encoding":"utf8","env":"local","level":"INFO","consoleLevel":"DEBUG","disableConsoleAfterReady":false,"outputJSON":false,"buffer":true,"appLogName":"app-web.log","coreLogName":"egg-web.log","agentLogName":"egg-agent.log","errorLogName":"common-error.log","coreLogger":{"consoleLevel":"WARN"},"allowDebugAtProd":true,"type":"application"}
2018-05-14 15:59:38,285 INFO 21768 [egg-schedule]: register schedule E:\app\node_modules\egg-logrotator\app\schedule\clean_log.js
2018-05-14 15:59:38,285 INFO 21768 [egg-schedule]: register schedule E:\app\node_modules\egg-logrotator\app\schedule\rotate_by_file.js
2018-05-14 15:59:38,519 INFO 21768 [egg-static] starting static serve /public/ -> E:\app\public
2018-05-14 15:59:38,522 INFO 21768 [egg-security] use csrf middleware
2018-05-14 15:59:38,523 INFO 21768 [egg-security] use methodnoallow middleware
2018-05-14 15:59:38,523 INFO 21768 [egg-security] use noopen middleware
2018-05-14 15:59:38,524 INFO 21768 [egg-security] use nosniff middleware
2018-05-14 15:59:38,524 INFO 21768 [egg-security] use xssProtection middleware
2018-05-14 15:59:38,525 INFO 21768 [egg-security] use xframe middleware
2018-05-14 15:59:38,525 INFO 21768 [egg-security] use dta middleware
2018-05-14 15:59:38,525 INFO 21768 [egg-security] compose 7 middlewares into one security middleware
2018-05-14 15:59:38,572 INFO 21768 [egg-watcher:app] watcher start success
2018-05-14 16:00:03,195 INFO 25508 [egg:logger] init all loggers with options: {"dir":"E:\\app\\logs","encoding":"utf8","env":"local","level":"INFO","consoleLevel":"DEBUG","disableConsoleAfterReady":false,"outputJSON":false,"buffer":true,"appLogName":"app-web.log","coreLogName":"egg-web.log","agentLogName":"egg-agent.log","errorLogName":"common-error.log","coreLogger":{"consoleLevel":"WARN"},"allowDebugAtProd":true,"type":"application"}
2018-05-14 16:00:03,232 INFO 25508 [egg-schedule]: register schedule E:\app\node_modules\egg-logrotator\app\schedule\clean_log.js
2018-05-14 16:00:03,232 INFO 25508 [egg-schedule]: register schedule E:\app\node_modules\egg-logrotator\app\schedule\rotate_by_file.js
2018-05-14 16:00:03,463 INFO 25508 [egg-static] starting static serve /public/ -> E:\app\public
2018-05-14 16:00:03,466 INFO 25508 [egg-security] use csrf middleware
2018-05-14 16:00:03,467 INFO 25508 [egg-security] use methodnoallow middleware
2018-05-14 16:00:03,467 INFO 25508 [egg-security] use noopen middleware
2018-05-14 16:00:03,468 INFO 25508 [egg-security] use nosniff middleware
2018-05-14 16:00:03,468 INFO 25508 [egg-security] use xssProtection middleware
2018-05-14 16:00:03,469 INFO 25508 [egg-security] use xframe middleware
2018-05-14 16:00:03,469 INFO 25508 [egg-security] use dta middleware
2018-05-14 16:00:03,469 INFO 25508 [egg-security] compose 7 middlewares into one security middleware
2018-05-14 16:00:03,515 INFO 25508 [egg-watcher:app] watcher start success
2018-05-14 16:08:35,970 INFO 30536 [egg:logger] init all loggers with options: {"dir":"E:\\app\\logs","encoding":"utf8","env":"local","level":"INFO","consoleLevel":"DEBUG","disableConsoleAfterReady":false,"outputJSON":false,"buffer":true,"appLogName":"app-web.log","coreLogName":"egg-web.log","agentLogName":"egg-agent.log","errorLogName":"common-error.log","coreLogger":{"consoleLevel":"WARN"},"allowDebugAtProd":true,"type":"application"}
2018-05-14 16:08:36,007 INFO 30536 [egg-schedule]: register schedule E:\app\node_modules\egg-logrotator\app\schedule\clean_log.js
2018-05-14 16:08:36,007 INFO 30536 [egg-schedule]: register schedule E:\app\node_modules\egg-logrotator\app\schedule\rotate_by_file.js
2018-05-14 16:08:36,265 INFO 30536 [egg-static] starting static serve /public/ -> E:\app\public
2018-05-14 16:08:36,268 INFO 30536 [egg-security] use csrf middleware
2018-05-14 16:08:36,269 INFO 30536 [egg-security] use methodnoallow middleware
2018-05-14 16:08:36,269 INFO 30536 [egg-security] use noopen middleware
2018-05-14 16:08:36,270 INFO 30536 [egg-security] use nosniff middleware
2018-05-14 16:08:36,270 INFO 30536 [egg-security] use xssProtection middleware
2018-05-14 16:08:36,271 INFO 30536 [egg-security] use xframe middleware
2018-05-14 16:08:36,272 INFO 30536 [egg-security] use dta middleware
2018-05-14 16:08:36,272 INFO 30536 [egg-security] compose 7 middlewares into one security middleware
2018-05-14 16:08:36,340 INFO 30536 [egg-watcher:app] watcher start success
2018-05-14 16:09:41,501 INFO 31112 [egg:logger] init all loggers with options: {"dir":"E:\\app\\logs","encoding":"utf8","env":"local","level":"INFO","consoleLevel":"DEBUG","disableConsoleAfterReady":false,"outputJSON":false,"buffer":true,"appLogName":"app-web.log","coreLogName":"egg-web.log","agentLogName":"egg-agent.log","errorLogName":"common-error.log","coreLogger":{"consoleLevel":"WARN"},"allowDebugAtProd":true,"type":"application"}
2018-05-14 16:09:41,537 INFO 31112 [egg-schedule]: register schedule E:\app\node_modules\egg-logrotator\app\schedule\clean_log.js
2018-05-14 16:09:41,537 INFO 31112 [egg-schedule]: register schedule E:\app\node_modules\egg-logrotator\app\schedule\rotate_by_file.js
2018-05-14 16:09:41,772 INFO 31112 [egg-static] starting static serve /public/ -> E:\app\public
2018-05-14 16:09:41,775 INFO 31112 [egg-security] use csrf middleware
2018-05-14 16:09:41,776 INFO 31112 [egg-security] use methodnoallow middleware
2018-05-14 16:09:41,776 INFO 31112 [egg-security] use noopen middleware
2018-05-14 16:09:41,777 INFO 31112 [egg-security] use nosniff middleware
2018-05-14 16:09:41,777 INFO 31112 [egg-security] use xssProtection middleware
2018-05-14 16:09:41,778 INFO 31112 [egg-security] use xframe middleware
2018-05-14 16:09:41,778 INFO 31112 [egg-security] use dta middleware
2018-05-14 16:09:41,779 INFO 31112 [egg-security] compose 7 middlewares into one security middleware
2018-05-14 16:09:41,822 INFO 31112 [egg-watcher:app] watcher start success
